==============================================================
File generated by Vivado(TM) HLS - High-Level Synthesis from C, C++ and SystemC
Version: 2016.1
Copyright (C) 1986-2016 Xilinx, Inc. All Rights Reserved.

==============================================================

@I [SYN-201] Setting up clock 'default' with a period of 4.16ns.
@I [HLS-10] Setting target device to 'xc7vx690tffg1927-2'
@W [HLS-40] Skipped source file 'VMRouterDispatcher.hh'. Source files must have extensions .c, .C, .cc, .cpp, .c++, .cp, or .cxx.
@I [HLS-10] Analyzing design file 'VMRouterDispatcher.cpp' ... 
@W [HLS-40] Skipped source file 'VMRouter.hh'. Source files must have extensions .c, .C, .cc, .cpp, .c++, .cp, or .cxx.
@I [HLS-10] Analyzing design file 'VMRouter.cpp' ... 
@W [HLS-40] Skipped source file 'HLSReducedStubLayer.hh'. Source files must have extensions .c, .C, .cc, .cpp, .c++, .cp, or .cxx.
@W [HLS-40] Skipped source file 'HLSFullStubLayerPS.hh'. Source files must have extensions .c, .C, .cc, .cpp, .c++, .cp, or .cxx.
@W [HLS-40] Skipped source file 'HLSConstants.hh'. Source files must have extensions .c, .C, .cc, .cpp, .c++, .cp, or .cxx.
@I [HLS-10] Validating synthesis directives ...
@I [HLS-10] Starting code transformations ...
@I [HLS-10] Checking synthesizability ...
@I [XFORM-602] Inlining function 'HLSFullStubLayerPS::GetZ' into 'VMRouter' (VMRouter.cpp:57) automatically.
@I [XFORM-602] Inlining function 'HLSFullStubLayerPS::GetPhi' into 'VMRouter' (VMRouter.cpp:58) automatically.
@I [XFORM-602] Inlining function 'HLSFullStubLayerPS::GetR' into 'VMRouter' (VMRouter.cpp:59) automatically.
@I [XFORM-602] Inlining function 'HLSFullStubLayerPS::GetPt' into 'VMRouter' (VMRouter.cpp:60) automatically.
@I [XFORM-602] Inlining function 'HLSFullStubLayerPS::AddStub' into 'VMRouter' (VMRouter.cpp:63) automatically.
@I [XFORM-602] Inlining function 'HLSFullStubLayerPS::GetZ' into 'VMRouter' (VMRouter.cpp:57) automatically.
@I [XFORM-602] Inlining function 'HLSFullStubLayerPS::GetPhi' into 'VMRouter' (VMRouter.cpp:58) automatically.
@I [XFORM-602] Inlining function 'HLSFullStubLayerPS::GetR' into 'VMRouter' (VMRouter.cpp:59) automatically.
@I [XFORM-602] Inlining function 'HLSFullStubLayerPS::GetPt' into 'VMRouter' (VMRouter.cpp:60) automatically.
@I [XFORM-602] Inlining function 'HLSFullStubLayerPS::AddStub' into 'VMRouter' (VMRouter.cpp:63) automatically.
@I [XFORM-602] Inlining function 'HLSReducedStubLayer::AddStub' into 'VMRouter' (VMRouter.cpp:89) automatically.
@I [HLS-111] Elapsed time: 5.48 seconds; current memory usage: 110 MB.
@I [HLS-10] Starting hardware synthesis ...
@I [HLS-10] Synthesizing 'VMRouterDispatcher' ...
@I [HLS-10] ----------------------------------------------------------------
@I [HLS-10] -- Scheduling module 'VMRouterDispatcher_VMRouter' 
@I [HLS-10] ----------------------------------------------------------------
@I [SCHED-11] Starting scheduling ...
@I [SCHED-61] Pipelining loop 'Loop 1'.
@I [SCHED-61] Pipelining result: Target II: 1, Final II: 1, Depth: 3.
@I [SCHED-11] Finished scheduling.
@I [HLS-111] Elapsed time: 0.4 seconds; current memory usage: 111 MB.
@I [HLS-10] ----------------------------------------------------------------
@I [HLS-10] -- Exploring micro-architecture for module 'VMRouterDispatcher_VMRouter' 
@I [HLS-10] ----------------------------------------------------------------
@I [BIND-100] Starting micro-architecture generation ...
@I [BIND-101] Performing variable lifetime analysis.
@I [BIND-101] Exploring resource sharing.
@I [BIND-101] Binding ...
@I [BIND-100] Finished micro-architecture generation.
@I [HLS-111] Elapsed time: 0.06 seconds; current memory usage: 112 MB.
@I [HLS-10] ----------------------------------------------------------------
@I [HLS-10] -- Scheduling module 'VMRouterDispatcher' 
@I [HLS-10] ----------------------------------------------------------------
@I [SCHED-11] Starting scheduling ...
@I [SCHED-11] Finished scheduling.
@I [HLS-111] Elapsed time: 0.11 seconds; current memory usage: 112 MB.
@I [HLS-10] ----------------------------------------------------------------
@I [HLS-10] -- Exploring micro-architecture for module 'VMRouterDispatcher' 
@I [HLS-10] ----------------------------------------------------------------
@I [BIND-100] Starting micro-architecture generation ...
@I [BIND-101] Performing variable lifetime analysis.
@I [BIND-101] Exploring resource sharing.
@I [BIND-101] Binding ...
@I [BIND-100] Finished micro-architecture generation.
@I [HLS-111] Elapsed time: 0.03 seconds; current memory usage: 112 MB.
@I [HLS-10] ----------------------------------------------------------------
@I [HLS-10] -- Generating RTL for module 'VMRouterDispatcher_VMRouter' 
@I [HLS-10] ----------------------------------------------------------------
@I [RTGEN-100] Finished creating RTL model for 'VMRouterDispatcher_VMRouter'.
@I [HLS-111] Elapsed time: 0.28 seconds; current memory usage: 113 MB.
@I [HLS-10] ----------------------------------------------------------------
@I [HLS-10] -- Generating RTL for module 'VMRouterDispatcher' 
@I [HLS-10] ----------------------------------------------------------------
@I [RTGEN-500] Setting interface mode on port 'VMRouterDispatcher/stubsInLayer_z_V' to 'ap_memory'.
@I [RTGEN-500] Setting interface mode on port 'VMRouterDispatcher/stubsInLayer_phi_V' to 'ap_memory'.
@I [RTGEN-500] Setting interface mode on port 'VMRouterDispatcher/stubsInLayer_r_V' to 'ap_memory'.
@I [RTGEN-500] Setting interface mode on port 'VMRouterDispatcher/stubsInLayer_pt_V' to 'ap_memory'.
@I [RTGEN-500] Setting interface mode on port 'VMRouterDispatcher/allStubs_z_V' to 'ap_memory'.
@I [RTGEN-500] Setting interface mode on port 'VMRouterDispatcher/allStubs_phi_V' to 'ap_memory'.
@I [RTGEN-500] Setting interface mode on port 'VMRouterDispatcher/allStubs_r_V' to 'ap_memory'.
@I [RTGEN-500] Setting interface mode on port 'VMRouterDispatcher/allStubs_pt_V' to 'ap_memory'.
@I [RTGEN-500] Setting interface mode on port 'VMRouterDispatcher/vmStubsPH1Z1_z_V' to 'ap_memory'.
@I [RTGEN-500] Setting interface mode on port 'VMRouterDispatcher/vmStubsPH1Z1_phi_V' to 'ap_memory'.
@I [RTGEN-500] Setting interface mode on port 'VMRouterDispatcher/vmStubsPH1Z1_r_V' to 'ap_memory'.
@I [RTGEN-500] Setting interface mode on port 'VMRouterDispatcher/vmStubsPH1Z1_pt_V' to 'ap_memory'.
@I [RTGEN-500] Setting interface mode on port 'VMRouterDispatcher/vmStubsPH1Z1_index_V' to 'ap_memory'.
@I [RTGEN-500] Setting interface mode on port 'VMRouterDispatcher/vmStubsPH2Z1_z_V' to 'ap_memory'.
@I [RTGEN-500] Setting interface mode on port 'VMRouterDispatcher/vmStubsPH2Z1_phi_V' to 'ap_memory'.
@I [RTGEN-500] Setting interface mode on port 'VMRouterDispatcher/vmStubsPH2Z1_r_V' to 'ap_memory'.
@I [RTGEN-500] Setting interface mode on port 'VMRouterDispatcher/vmStubsPH2Z1_pt_V' to 'ap_memory'.
@I [RTGEN-500] Setting interface mode on port 'VMRouterDispatcher/vmStubsPH2Z1_index_V' to 'ap_memory'.
@I [RTGEN-500] Setting interface mode on port 'VMRouterDispatcher/vmStubsPH3Z1_z_V' to 'ap_memory'.
@I [RTGEN-500] Setting interface mode on port 'VMRouterDispatcher/vmStubsPH3Z1_phi_V' to 'ap_memory'.
@I [RTGEN-500] Setting interface mode on port 'VMRouterDispatcher/vmStubsPH3Z1_r_V' to 'ap_memory'.
@I [RTGEN-500] Setting interface mode on port 'VMRouterDispatcher/vmStubsPH3Z1_pt_V' to 'ap_memory'.
@I [RTGEN-500] Setting interface mode on port 'VMRouterDispatcher/vmStubsPH3Z1_index_V' to 'ap_memory'.
@I [RTGEN-500] Setting interface mode on port 'VMRouterDispatcher/vmStubsPH4Z1_z_V' to 'ap_memory'.
@I [RTGEN-500] Setting interface mode on port 'VMRouterDispatcher/vmStubsPH4Z1_phi_V' to 'ap_memory'.
@I [RTGEN-500] Setting interface mode on port 'VMRouterDispatcher/vmStubsPH4Z1_r_V' to 'ap_memory'.
@I [RTGEN-500] Setting interface mode on port 'VMRouterDispatcher/vmStubsPH4Z1_pt_V' to 'ap_memory'.
@I [RTGEN-500] Setting interface mode on port 'VMRouterDispatcher/vmStubsPH4Z1_index_V' to 'ap_memory'.
@I [RTGEN-500] Setting interface mode on port 'VMRouterDispatcher/vmStubsPH1Z2_z_V' to 'ap_memory'.
@I [RTGEN-500] Setting interface mode on port 'VMRouterDispatcher/vmStubsPH1Z2_phi_V' to 'ap_memory'.
@I [RTGEN-500] Setting interface mode on port 'VMRouterDispatcher/vmStubsPH1Z2_r_V' to 'ap_memory'.
@I [RTGEN-500] Setting interface mode on port 'VMRouterDispatcher/vmStubsPH1Z2_pt_V' to 'ap_memory'.
@I [RTGEN-500] Setting interface mode on port 'VMRouterDispatcher/vmStubsPH1Z2_index_V' to 'ap_memory'.
@I [RTGEN-500] Setting interface mode on port 'VMRouterDispatcher/vmStubsPH2Z2_z_V' to 'ap_memory'.
@I [RTGEN-500] Setting interface mode on port 'VMRouterDispatcher/vmStubsPH2Z2_phi_V' to 'ap_memory'.
@I [RTGEN-500] Setting interface mode on port 'VMRouterDispatcher/vmStubsPH2Z2_r_V' to 'ap_memory'.
@I [RTGEN-500] Setting interface mode on port 'VMRouterDispatcher/vmStubsPH2Z2_pt_V' to 'ap_memory'.
@I [RTGEN-500] Setting interface mode on port 'VMRouterDispatcher/vmStubsPH2Z2_index_V' to 'ap_memory'.
@I [RTGEN-500] Setting interface mode on port 'VMRouterDispatcher/vmStubsPH3Z2_z_V' to 'ap_memory'.
@I [RTGEN-500] Setting interface mode on port 'VMRouterDispatcher/vmStubsPH3Z2_phi_V' to 'ap_memory'.
@I [RTGEN-500] Setting interface mode on port 'VMRouterDispatcher/vmStubsPH3Z2_r_V' to 'ap_memory'.
@I [RTGEN-500] Setting interface mode on port 'VMRouterDispatcher/vmStubsPH3Z2_pt_V' to 'ap_memory'.
@I [RTGEN-500] Setting interface mode on port 'VMRouterDispatcher/vmStubsPH3Z2_index_V' to 'ap_memory'.
@I [RTGEN-500] Setting interface mode on port 'VMRouterDispatcher/vmStubsPH4Z2_z_V' to 'ap_memory'.
@I [RTGEN-500] Setting interface mode on port 'VMRouterDispatcher/vmStubsPH4Z2_phi_V' to 'ap_memory'.
@I [RTGEN-500] Setting interface mode on port 'VMRouterDispatcher/vmStubsPH4Z2_r_V' to 'ap_memory'.
@I [RTGEN-500] Setting interface mode on port 'VMRouterDispatcher/vmStubsPH4Z2_pt_V' to 'ap_memory'.
@I [RTGEN-500] Setting interface mode on port 'VMRouterDispatcher/vmStubsPH4Z2_index_V' to 'ap_memory'.
@I [RTGEN-500] Setting interface mode on port 'VMRouterDispatcher/nStubs' to 'ap_none'.
@I [RTGEN-500] Setting interface mode on port 'VMRouterDispatcher/nPH1Z1_V' to 'ap_ovld'.
@I [RTGEN-500] Setting interface mode on port 'VMRouterDispatcher/nPH2Z1_V' to 'ap_ovld'.
@I [RTGEN-500] Setting interface mode on port 'VMRouterDispatcher/nPH3Z1_V' to 'ap_ovld'.
@I [RTGEN-500] Setting interface mode on port 'VMRouterDispatcher/nPH4Z1_V' to 'ap_ovld'.
@I [RTGEN-500] Setting interface mode on port 'VMRouterDispatcher/nPH1Z2_V' to 'ap_ovld'.
@I [RTGEN-500] Setting interface mode on port 'VMRouterDispatcher/nPH2Z2_V' to 'ap_ovld'.
@I [RTGEN-500] Setting interface mode on port 'VMRouterDispatcher/nPH3Z2_V' to 'ap_ovld'.
@I [RTGEN-500] Setting interface mode on port 'VMRouterDispatcher/nPH4Z2_V' to 'ap_ovld'.
@I [RTGEN-500] Setting interface mode on function 'VMRouterDispatcher' to 'ap_ctrl_hs'.
@I [RTGEN-100] Finished creating RTL model for 'VMRouterDispatcher'.
@I [HLS-111] Elapsed time: 0.6 seconds; current memory usage: 117 MB.
@I [HLS-10] Finished generating all RTL models.
@I [SYSC-301] Generating SystemC RTL for VMRouterDispatcher.
@I [VHDL-304] Generating VHDL RTL for VMRouterDispatcher.
@I [VLOG-307] Generating Verilog RTL for VMRouterDispatcher.
@I [HLS-112] Total elapsed time: 26.140 seconds; peak memory usage: 117 MB.
