@I [HLS-0] Workspace /mnt/scratch/djc448/HLSAlgorithm/VMRouter_prj2/solution2 opened at Mon Jul 10 14:49:38 EDT 2017
@I [HLS-100] Command "config_clock -quiet -name default -period 2 -default=false "
@I [SYN-201] Setting up clock 'default' with a period of 2ns.
@I [HLS-100] Command 'config_clock' returned 0; elapsed 0Total elapsed time: 0.897 sec.
@I [HLS-100] Command "open_platform DefaultPlatform "
@I [HLS-100] Command 'open_platform' returned 0; elapsed 0Total elapsed time: 0.898 sec.
@I [HLS-100] Command "import_lib /nfs/opt/Xilinx/Vivado_HLS/2016.1/common/technology/xilinx/virtex7/virtex7 "
@I [HLS-100] Command "source /nfs/opt/Xilinx/Vivado_HLS/2016.1/common/technology/xilinx/common/xilinx.lib "
@I [HLS-100] Command "source /nfs/opt/Xilinx/Vivado_HLS/2016.1/common/technology/xilinx/interface/xilinx_interface.lib "
@I [HLS-100] Command "source /nfs/opt/Xilinx/Vivado_HLS/2016.1/common/technology/xilinx/interface/plb46.lib "
@I [HLS-100] Command 'ap_source' returned 0; elapsed 0Total elapsed time: 0.908 sec.
@I [HLS-100] Command "source /nfs/opt/Xilinx/Vivado_HLS/2016.1/common/technology/xilinx/interface/fsl.lib "
@I [HLS-100] Command 'ap_source' returned 0; elapsed 0Total elapsed time: 0.910 sec.
@I [HLS-100] Command "source /nfs/opt/Xilinx/Vivado_HLS/2016.1/common/technology/xilinx/interface/axi4.lib "
@I [HLS-100] Command 'ap_source' returned 0; elapsed 0Total elapsed time: 0.912 sec.
@I [HLS-100] Command "source /nfs/opt/Xilinx/Vivado_HLS/2016.1/common/technology/xilinx/interface/maxi.lib "
@I [HLS-100] Command 'ap_source' returned 0; elapsed 0Total elapsed time: 0.914 sec.
@I [HLS-100] Command "source /nfs/opt/Xilinx/Vivado_HLS/2016.1/common/technology/xilinx/interface/saxilite.lib "
@I [HLS-100] Command 'ap_source' returned 0; elapsed 0Total elapsed time: 0.916 sec.
@I [HLS-100] Command 'ap_source' returned 0; elapsed 0Total elapsed time: 0.916 sec.
@I [HLS-100] Command "source /nfs/opt/Xilinx/Vivado_HLS/2016.1/common/technology/xilinx/common/dsp48.lib "
@I [HLS-100] Command 'ap_source' returned 0; elapsed 0Total elapsed time: 0.917 sec.
@I [HLS-100] Command "source /nfs/opt/Xilinx/Vivado_HLS/2016.1/common/technology/xilinx/ip/xfft.lib "
@I [HLS-100] Command 'ap_source' returned 0; elapsed 0Total elapsed time: 0.920 sec.
@I [HLS-100] Command "source /nfs/opt/Xilinx/Vivado_HLS/2016.1/common/technology/xilinx/ip/dds_compiler.lib "
@I [HLS-100] Command 'ap_source' returned 0; elapsed 0Total elapsed time: 0.921 sec.
@I [HLS-100] Command "source /nfs/opt/Xilinx/Vivado_HLS/2016.1/common/technology/xilinx/ip/xfir.lib "
@I [HLS-100] Command 'ap_source' returned 0; elapsed 0Total elapsed time: 0.923 sec.
@I [HLS-100] Command 'ap_source' returned 0; elapsed 0.01Total elapsed time: 0.927 sec.
@I [HLS-100] Command "source /nfs/opt/Xilinx/Vivado_HLS/2016.1/common/technology/xilinx/common/xilinx_old.lib "
@I [HLS-100] Command 'ap_source' returned 0; elapsed 0Total elapsed time: 0.932 sec.
@I [HLS-100] Command "source /nfs/opt/Xilinx/Vivado_HLS/2016.1/common/technology/xilinx/common/xilinx_vivado.lib "
@I [HLS-100] Command 'ap_source' returned 0; elapsed 0Total elapsed time: 0.935 sec.
@I [HLS-100] Command "source /nfs/opt/Xilinx/Vivado_HLS/2016.1/common/technology/xilinx/common/xilinx.hlp "
@I [HLS-100] Command "source /nfs/opt/Xilinx/Vivado_HLS/2016.1/common/technology/xilinx/common/target_info.tcl "
@I [HLS-100] Command 'ap_source' returned 0; elapsed 0Total elapsed time: 0.944 sec.
@I [HLS-100] Command "source /nfs/opt/Xilinx/Vivado_HLS/2016.1/common/technology/xilinx/interface/xilinx_interface.hlp "
@I [HLS-100] Command "source /nfs/opt/Xilinx/Vivado_HLS/2016.1/common/technology/xilinx/interface/maxi.hlp "
@I [HLS-100] Command 'ap_source' returned 0; elapsed 0Total elapsed time: 0.947 sec.
@I [HLS-100] Command "source /nfs/opt/Xilinx/Vivado_HLS/2016.1/common/technology/xilinx/interface/saxilite.hlp "
@I [HLS-100] Command 'ap_source' returned 0; elapsed 0Total elapsed time: 0.949 sec.
@I [HLS-100] Command 'ap_source' returned 0; elapsed 0.01Total elapsed time: 0.949 sec.
@I [HLS-100] Command "source /nfs/opt/Xilinx/Vivado_HLS/2016.1/common/technology/xilinx/common/dsp48.hlp "
@I [HLS-100] Command 'ap_source' returned 0; elapsed 0Total elapsed time: 0.952 sec.
@I [HLS-100] Command 'ap_source' returned 0; elapsed 0.01Total elapsed time: 0.953 sec.
@I [HLS-100] Command "source /nfs/opt/Xilinx/Vivado_HLS/2016.1/common/technology/xilinx/virtex7/dsp48e1.hlp "
@I [HLS-100] Command 'ap_source' returned 0; elapsed 0Total elapsed time: 0.955 sec.
@I [HLS-100] Command "get_default_platform "
@I [HLS-100] Command 'get_default_platform' returned 0; elapsed 0Total elapsed time: 0.955 sec.
@I [HLS-100] Command "config_chip_info -quiet -resource  {SLICE 91050 } {LUT 364200 } {FF 728400 } {DSP48E 1260} {BRAM 1590}  "
@I [HLS-100] Command 'config_chip_info' returned 0; elapsed 0Total elapsed time: 0.956 sec.
@I [HLS-100] Command "config_chip_info -quiet -speed medium "
@I [HLS-100] Command 'config_chip_info' returned 0; elapsed 0Total elapsed time: 0.956 sec.
@I [HLS-100] Command 'import_lib' returned 0; elapsed 0.03Total elapsed time: 0.959 sec.
@I [HLS-100] Command "source /nfs/opt/Xilinx/Vivado_HLS/2016.1/common/technology/xilinx/virtex7/virtex7.gen "
@I [HLS-100] Command "source /nfs/opt/Xilinx/Vivado_HLS/2016.1/common/technology/xilinx/common/virtex.gen "
@I [HLS-100] Command "source /nfs/opt/Xilinx/Vivado_HLS/2016.1/common/technology/xilinx/common/xilinx.gen "
@I [HLS-100] Command "source /nfs/opt/Xilinx/Vivado_HLS/2016.1/common/technology/xilinx/interface/plb46.gen "
@I [HLS-100] Command 'ap_source' returned 0; elapsed 0Total elapsed time: 0.968 sec.
@I [HLS-100] Command "source /nfs/opt/Xilinx/Vivado_HLS/2016.1/common/technology/xilinx/interface/fsl.gen "
@I [HLS-100] Command 'ap_source' returned 0; elapsed 0Total elapsed time: 0.970 sec.
@I [HLS-100] Command "source /nfs/opt/Xilinx/Vivado_HLS/2016.1/common/technology/xilinx/interface/axi4.gen "
@I [HLS-100] Command 'ap_source' returned 0; elapsed 0Total elapsed time: 0.975 sec.
@I [HLS-100] Command "source /nfs/opt/Xilinx/Vivado_HLS/2016.1/common/technology/xilinx/interface/nativeAXI4.gen "
@I [HLS-100] Command "source /nfs/opt/Xilinx/Vivado_HLS/2016.1/common/technology/xilinx/interface/saxilite.gen "
@I [HLS-100] Command 'ap_source' returned 0; elapsed 0Total elapsed time: 0.985 sec.
@I [HLS-100] Command "source /nfs/opt/Xilinx/Vivado_HLS/2016.1/common/technology/xilinx/interface/maxi.gen "
@I [HLS-100] Command 'ap_source' returned 0; elapsed 0.02Total elapsed time: 0.999 sec.
@I [HLS-100] Command 'ap_source' returned 0; elapsed 0.02Total elapsed time: 0.999 sec.
@I [HLS-100] Command "source /nfs/opt/Xilinx/Vivado_HLS/2016.1/common/technology/xilinx/scripts/xilinxcoregen.gen "
@I [HLS-100] Command 'ap_source' returned 0; elapsed 0.01Total elapsed time: 1.17 sec.
@I [HLS-100] Command "source /nfs/opt/Xilinx/Vivado_HLS/2016.1/common/technology/xilinx/interface/XilEDKCoreGen.gen "
@I [HLS-100] Command 'ap_source' returned 0; elapsed 0.02Total elapsed time: 1.31 sec.
@I [HLS-100] Command "source /nfs/opt/Xilinx/Vivado_HLS/2016.1/common/technology/xilinx/ip/xfft.gen "
@I [HLS-100] Command 'ap_source' returned 0; elapsed 0.12Total elapsed time: 1.156 sec.
@I [HLS-100] Command "source /nfs/opt/Xilinx/Vivado_HLS/2016.1/common/technology/xilinx/ip/xfir.gen "
@I [HLS-100] Command 'ap_source' returned 0; elapsed 0Total elapsed time: 1.158 sec.
@I [HLS-100] Command "source /nfs/opt/Xilinx/Vivado_HLS/2016.1/common/technology/xilinx/ip/dds_compiler.gen "
@I [HLS-100] Command 'ap_source' returned 0; elapsed 0.01Total elapsed time: 1.163 sec.
@I [HLS-100] Command "source /nfs/opt/Xilinx/Vivado_HLS/2016.1/common/technology/xilinx/ip/util.gen "
@I [HLS-100] Command 'ap_source' returned 0; elapsed 0Total elapsed time: 1.164 sec.
@I [HLS-100] Command 'ap_source' returned 0; elapsed 0.19Total elapsed time: 1.164 sec.
@I [HLS-100] Command "source /nfs/opt/Xilinx/Vivado_HLS/2016.1/common/technology/xilinx/common/dsp48.gen "
@I [HLS-100] Command 'ap_source' returned 0; elapsed 0Total elapsed time: 1.167 sec.
@I [HLS-100] Command 'ap_source' returned 0; elapsed 0.19Total elapsed time: 1.168 sec.
@I [HLS-100] Command 'ap_source' returned 0; elapsed 0.19Total elapsed time: 1.168 sec.
@I [HLS-100] Command "open_platform DefaultPlatform "
@I [HLS-100] Command 'open_platform' returned 0; elapsed 0Total elapsed time: 1.168 sec.
@I [HLS-100] Command "import_lib /nfs/opt/Xilinx/Vivado_HLS/2016.1/common/technology/xilinx/virtex7/virtex7_fpv6 "
@I [HLS-100] Command "source /nfs/opt/Xilinx/Vivado_HLS/2016.1/common/technology/xilinx/common/xilinx_fpv7.lib "
@I [HLS-100] Command "source /nfs/opt/Xilinx/Vivado_HLS/2016.1/common/technology/xilinx/common/xilinx_hp.lib "
@I [HLS-100] Command 'ap_source' returned 0; elapsed 0Total elapsed time: 1.175 sec.
@I [HLS-100] Command 'ap_source' returned 0; elapsed 0Total elapsed time: 1.176 sec.
@I [HLS-100] Command "source /nfs/opt/Xilinx/Vivado_HLS/2016.1/common/technology/xilinx/common/xilinx_fpv.hlp "
@I [HLS-100] Command "source /nfs/opt/Xilinx/Vivado_HLS/2016.1/common/technology/xilinx/common/xilinx.hlp "
@I [HLS-100] Command "source /nfs/opt/Xilinx/Vivado_HLS/2016.1/common/technology/xilinx/common/target_info.tcl "
@I [HLS-100] Command 'ap_source' returned 0; elapsed 0.01Total elapsed time: 1.187 sec.
@I [HLS-100] Command "source /nfs/opt/Xilinx/Vivado_HLS/2016.1/common/technology/xilinx/interface/xilinx_interface.hlp "
@I [HLS-100] Command "source /nfs/opt/Xilinx/Vivado_HLS/2016.1/common/technology/xilinx/interface/maxi.hlp "
@I [HLS-100] Command 'ap_source' returned 0; elapsed 0Total elapsed time: 1.190 sec.
@I [HLS-100] Command "source /nfs/opt/Xilinx/Vivado_HLS/2016.1/common/technology/xilinx/interface/saxilite.hlp "
@I [HLS-100] Command 'ap_source' returned 0; elapsed 0Total elapsed time: 1.192 sec.
@I [HLS-100] Command 'ap_source' returned 0; elapsed 0Total elapsed time: 1.192 sec.
@I [HLS-100] Command "source /nfs/opt/Xilinx/Vivado_HLS/2016.1/common/technology/xilinx/common/dsp48.hlp "
@I [HLS-100] Command 'ap_source' returned 0; elapsed 0Total elapsed time: 1.194 sec.
@I [HLS-100] Command 'ap_source' returned 0; elapsed 0.01Total elapsed time: 1.194 sec.
@I [HLS-100] Command 'ap_source' returned 0; elapsed 0.01Total elapsed time: 1.194 sec.
@I [HLS-100] Command "source /nfs/opt/Xilinx/Vivado_HLS/2016.1/common/technology/xilinx/virtex7/virtex7_hp.hlp "
@I [HLS-100] Command 'ap_source' returned 0; elapsed 0Total elapsed time: 1.197 sec.
@I [HLS-100] Command 'import_lib' returned 0; elapsed 0.01Total elapsed time: 1.200 sec.
@I [HLS-100] Command "source /nfs/opt/Xilinx/Vivado_HLS/2016.1/common/technology/xilinx/virtex7/virtex7_fpv6.gen "
@I [HLS-100] Command "source /nfs/opt/Xilinx/Vivado_HLS/2016.1/common/technology/xilinx/common/xilinx_fpv6.gen "
@I [HLS-100] Command 'ap_source' returned 0; elapsed 0Total elapsed time: 1.204 sec.
@I [HLS-100] Command 'ap_source' returned 0; elapsed 0Total elapsed time: 1.204 sec.
@I [HLS-100] Command "set_part xc7vx690tffg1158-1 "
@I [HLS-100] Command "add_library xilinx/virtex7/virtex7:xc7vx690t:ffg1158:-1 "
@I [HLS-100] Command "get_default_platform "
@I [HLS-100] Command 'get_default_platform' returned 0; elapsed 0Total elapsed time: 1.208 sec.
@I [HLS-100] Command "license_isbetapart xc7vx690t "
@I [HLS-100] Command 'license_isbetapart' returned 1; elapsed 0Total elapsed time: 1.219 sec.
@I [HLS-100] Command "get_default_platform "
@I [HLS-100] Command 'get_default_platform' returned 0; elapsed 0Total elapsed time: 1.220 sec.
@I [HLS-100] Command "config_chip_info -quiet -resource  {SLICE 108300} {LUT 433200 } {FF 866400 } {DSP48E 3600} {BRAM 2940}  "
@I [HLS-100] Command 'config_chip_info' returned 0; elapsed 0Total elapsed time: 1.220 sec.
@I [HLS-100] Command "config_chip_info -quiet -speed slow "
@I [HLS-100] Command 'config_chip_info' returned 0; elapsed 0Total elapsed time: 1.221 sec.
@I [HLS-100] Command 'add_library' returned 0; elapsed 0Total elapsed time: 1.229 sec.
@I [HLS-100] Command "add_library xilinx/virtex7/virtex7_fpv6 "
@I [HLS-100] Command "get_default_platform "
@I [HLS-100] Command 'get_default_platform' returned 0; elapsed 0Total elapsed time: 1.230 sec.
@I [HLS-100] Command "open_platform DefaultPlatform "
@I [HLS-100] Command 'open_platform' returned 0; elapsed 0Total elapsed time: 1.231 sec.
@I [HLS-100] Command "import_lib /nfs/opt/Xilinx/Vivado_HLS/2016.1/common/technology/xilinx/virtex7/virtex7_fpv6 "
@I [HLS-100] Command "source /nfs/opt/Xilinx/Vivado_HLS/2016.1/common/technology/xilinx/common/xilinx_fpv7.lib "
@I [HLS-100] Command "source /nfs/opt/Xilinx/Vivado_HLS/2016.1/common/technology/xilinx/common/xilinx_hp.lib "
@I [HLS-100] Command 'ap_source' returned 0; elapsed 0Total elapsed time: 1.238 sec.
@I [HLS-100] Command 'ap_source' returned 0; elapsed 0Total elapsed time: 1.242 sec.
@I [HLS-100] Command "source /nfs/opt/Xilinx/Vivado_HLS/2016.1/common/technology/xilinx/common/xilinx_fpv.hlp "
@I [HLS-100] Command "source /nfs/opt/Xilinx/Vivado_HLS/2016.1/common/technology/xilinx/common/xilinx.hlp "
@I [HLS-100] Command "source /nfs/opt/Xilinx/Vivado_HLS/2016.1/common/technology/xilinx/common/target_info.tcl "
@I [HLS-100] Command 'ap_source' returned 0; elapsed 0Total elapsed time: 1.262 sec.
@I [HLS-100] Command "source /nfs/opt/Xilinx/Vivado_HLS/2016.1/common/technology/xilinx/interface/xilinx_interface.hlp "
@I [HLS-100] Command "source /nfs/opt/Xilinx/Vivado_HLS/2016.1/common/technology/xilinx/interface/maxi.hlp "
@I [HLS-100] Command 'ap_source' returned 0; elapsed 0Total elapsed time: 1.267 sec.
@I [HLS-100] Command "source /nfs/opt/Xilinx/Vivado_HLS/2016.1/common/technology/xilinx/interface/saxilite.hlp "
@I [HLS-100] Command 'ap_source' returned 0; elapsed 0Total elapsed time: 1.269 sec.
@I [HLS-100] Command 'ap_source' returned 0; elapsed 0Total elapsed time: 1.269 sec.
@I [HLS-100] Command "source /nfs/opt/Xilinx/Vivado_HLS/2016.1/common/technology/xilinx/common/dsp48.hlp "
@I [HLS-100] Command 'ap_source' returned 0; elapsed 0.01Total elapsed time: 1.273 sec.
@I [HLS-100] Command 'ap_source' returned 0; elapsed 0.01Total elapsed time: 1.274 sec.
@I [HLS-100] Command 'ap_source' returned 0; elapsed 0.01Total elapsed time: 1.275 sec.
@I [HLS-100] Command "source /nfs/opt/Xilinx/Vivado_HLS/2016.1/common/technology/xilinx/virtex7/virtex7_hp.hlp "
@I [HLS-100] Command 'ap_source' returned 0; elapsed 0Total elapsed time: 1.278 sec.
@I [HLS-100] Command 'import_lib' returned 0; elapsed 0.04Total elapsed time: 1.285 sec.
@I [HLS-100] Command "source /nfs/opt/Xilinx/Vivado_HLS/2016.1/common/technology/xilinx/virtex7/virtex7_fpv6.gen "
@I [HLS-100] Command "source /nfs/opt/Xilinx/Vivado_HLS/2016.1/common/technology/xilinx/common/xilinx_fpv6.gen "
@I [HLS-100] Command 'ap_source' returned 0; elapsed 0Total elapsed time: 1.292 sec.
@I [HLS-100] Command 'ap_source' returned 0; elapsed 0Total elapsed time: 1.292 sec.
@I [HLS-100] Command 'add_library' returned 0; elapsed 0.04Total elapsed time: 1.293 sec.
@I [HLS-10] Setting target device to 'xc7vx690tffg1158-1'
@I [HLS-100] Command 'set_part' returned 0; elapsed 0.07Total elapsed time: 1.294 sec.
@I [HLS-100] Command "get_default_platform "
@I [HLS-100] Command 'get_default_platform' returned 0; elapsed 0Total elapsed time: 1.294 sec.
@I [HLS-100] Command "config_chip_info -quiet -resource  {SLICE 108300} {LUT 433200 } {FF 866400 } {DSP48E 3600} {BRAM 2940}  "
@I [HLS-100] Command 'config_chip_info' returned 0; elapsed 0Total elapsed time: 1.295 sec.
@I [HLS-100] Command "config_chip_info -quiet -speed slow "
@I [HLS-100] Command 'config_chip_info' returned 0; elapsed 0Total elapsed time: 1.295 sec.
@I [HLS-100] Command 'open_solution' returned 0; elapsed 0.31Total elapsed time: 1.296 sec.
@I [HLS-100] Command "set_part xc7vx690tffg1158-1 "
@I [HLS-100] Command "add_library xilinx/virtex7/virtex7:xc7vx690t:ffg1158:-1 "
@I [HLS-100] Command "get_default_platform "
@I [HLS-100] Command 'get_default_platform' returned 0; elapsed 0Total elapsed time: 1.301 sec.
@I [HLS-100] Command "license_isbetapart xc7vx690t "
@I [HLS-100] Command 'license_isbetapart' returned 1; elapsed 0Total elapsed time: 1.302 sec.
@I [HLS-100] Command "get_default_platform "
@I [HLS-100] Command 'get_default_platform' returned 0; elapsed 0Total elapsed time: 1.303 sec.
@I [HLS-100] Command "config_chip_info -quiet -resource  {SLICE 108300} {LUT 433200 } {FF 866400 } {DSP48E 3600} {BRAM 2940}  "
@I [HLS-100] Command 'config_chip_info' returned 0; elapsed 0Total elapsed time: 1.303 sec.
@I [HLS-100] Command "config_chip_info -quiet -speed slow "
@I [HLS-100] Command 'config_chip_info' returned 0; elapsed 0Total elapsed time: 1.304 sec.
@I [HLS-100] Command 'add_library' returned 0; elapsed 0.01Total elapsed time: 1.305 sec.
@I [HLS-100] Command "add_library xilinx/virtex7/virtex7_fpv6 "
@I [HLS-100] Command "get_default_platform "
@I [HLS-100] Command 'get_default_platform' returned 0; elapsed 0Total elapsed time: 1.306 sec.
@I [HLS-100] Command "open_platform DefaultPlatform "
@I [HLS-100] Command 'open_platform' returned 0; elapsed 0Total elapsed time: 1.306 sec.
@I [HLS-100] Command "import_lib /nfs/opt/Xilinx/Vivado_HLS/2016.1/common/technology/xilinx/virtex7/virtex7_fpv6 "
@I [HLS-100] Command "source /nfs/opt/Xilinx/Vivado_HLS/2016.1/common/technology/xilinx/common/xilinx_fpv7.lib "
@I [HLS-100] Command "source /nfs/opt/Xilinx/Vivado_HLS/2016.1/common/technology/xilinx/common/xilinx_hp.lib "
@I [HLS-100] Command 'ap_source' returned 0; elapsed 0Total elapsed time: 1.314 sec.
@I [HLS-100] Command 'ap_source' returned 0; elapsed 0Total elapsed time: 1.318 sec.
@I [HLS-100] Command "source /nfs/opt/Xilinx/Vivado_HLS/2016.1/common/technology/xilinx/common/xilinx_fpv.hlp "
@I [HLS-100] Command "source /nfs/opt/Xilinx/Vivado_HLS/2016.1/common/technology/xilinx/common/xilinx.hlp "
@I [HLS-100] Command "source /nfs/opt/Xilinx/Vivado_HLS/2016.1/common/technology/xilinx/common/target_info.tcl "
@I [HLS-100] Command 'ap_source' returned 0; elapsed 0Total elapsed time: 1.333 sec.
@I [HLS-100] Command "source /nfs/opt/Xilinx/Vivado_HLS/2016.1/common/technology/xilinx/interface/xilinx_interface.hlp "
@I [HLS-100] Command "source /nfs/opt/Xilinx/Vivado_HLS/2016.1/common/technology/xilinx/interface/maxi.hlp "
@I [HLS-100] Command 'ap_source' returned 0; elapsed 0Total elapsed time: 1.336 sec.
@I [HLS-100] Command "source /nfs/opt/Xilinx/Vivado_HLS/2016.1/common/technology/xilinx/interface/saxilite.hlp "
@I [HLS-100] Command 'ap_source' returned 0; elapsed 0Total elapsed time: 1.338 sec.
@I [HLS-100] Command 'ap_source' returned 0; elapsed 0Total elapsed time: 1.338 sec.
@I [HLS-100] Command "source /nfs/opt/Xilinx/Vivado_HLS/2016.1/common/technology/xilinx/common/dsp48.hlp "
@I [HLS-100] Command 'ap_source' returned 0; elapsed 0Total elapsed time: 1.341 sec.
@I [HLS-100] Command 'ap_source' returned 0; elapsed 0.01Total elapsed time: 1.342 sec.
@I [HLS-100] Command 'ap_source' returned 0; elapsed 0.01Total elapsed time: 1.343 sec.
@I [HLS-100] Command "source /nfs/opt/Xilinx/Vivado_HLS/2016.1/common/technology/xilinx/virtex7/virtex7_hp.hlp "
@I [HLS-100] Command 'ap_source' returned 0; elapsed 0Total elapsed time: 1.346 sec.
@I [HLS-100] Command 'import_lib' returned 0; elapsed 0.03Total elapsed time: 1.353 sec.
@I [HLS-100] Command "source /nfs/opt/Xilinx/Vivado_HLS/2016.1/common/technology/xilinx/virtex7/virtex7_fpv6.gen "
@I [HLS-100] Command "source /nfs/opt/Xilinx/Vivado_HLS/2016.1/common/technology/xilinx/common/xilinx_fpv6.gen "
@I [HLS-100] Command 'ap_source' returned 0; elapsed 0Total elapsed time: 1.359 sec.
@I [HLS-100] Command 'ap_source' returned 0; elapsed 0Total elapsed time: 1.360 sec.
@I [HLS-100] Command 'add_library' returned 0; elapsed 0.03Total elapsed time: 1.361 sec.
@I [HLS-100] Command 'set_part' returned 0; elapsed 0.04Total elapsed time: 1.361 sec.
@I [HLS-100] Command "create_clock -period 2 -name default "
@I [HLS-100] Command 'create_clock' returned 0; elapsed 0Total elapsed time: 1.370 sec.
@I [HLS-100] Command "csynth_design "
@I [HLS-100] Command "elaborate -effort=medium -skip_syncheck=0 -keep_printf=0 -lm=0 -skip_cdt=0 -skip_transform=0 -ng=0 -g=0 -opt_fp=0 "
@W [HLS-40] Skipped source file 'HLSConstants.hh'. Source files must have extensions .c, .C, .cc, .cpp, .c++, .cp, or .cxx.
@W [HLS-40] Skipped source file 'HLSFullStubLayerPS.hh'. Source files must have extensions .c, .C, .cc, .cpp, .c++, .cp, or .cxx.
@W [HLS-40] Skipped source file 'HLSReducedStubLayer.hh'. Source files must have extensions .c, .C, .cc, .cpp, .c++, .cp, or .cxx.
@I [HLS-10] Analyzing design file 'VMRouter.cpp' ... 
@0 [HLS-0] Analyzing design file 'VMRouter.cpp' ... 
@I [HLS-0] Compiling one TU...
@I [HLS-0] 
Checking before pre-process: exec clang -fno-limit-debug-info -gcc-toolchain "/nfs/opt/Xilinx/Vivado_HLS/2016.1/lnx64/tools/gcc" -hls    -fno-math-errno -c -emit-llvm -O0  -mllvm -disable-llvm-optzns -fno-threadsafe-statics  -fno-use-cxa-atexit  -fno-threadsafe-statics -fno-use-cxa-atexit   -I "/nfs/opt/Xilinx/Vivado_HLS/2016.1/lnx64/tools/systemc/include" -I "/nfs/opt/Xilinx/Vivado_HLS/2016.1/include" -I "/nfs/opt/Xilinx/Vivado_HLS/2016.1/include/ap_sysc" -fexceptions -I "/nfs/opt/Xilinx/Vivado_HLS/2016.1/common/technology/autopilot" -include etc/autopilot_ssdm_op.h "VMRouter.cpp"  -o "/mnt/scratch/djc448/HLSAlgorithm/VMRouter_prj2/solution2/.autopilot/db/VMRouter.pp.00.o"

@I [HLS-100] Command "is_encrypted /mnt/scratch/djc448/HLSAlgorithm/VMRouter_prj2/solution2/.autopilot/db/VMRouter.pp.00.o "
@I [HLS-100] Command 'is_encrypted' returned 0; elapsed 0Total elapsed time: 2.318 sec.
@I [HLS-0] Syntax Checker time: 0 seconds per iteration
@I [HLS-0] 
Source preprocessing: exec clang -fno-limit-debug-info -gcc-toolchain "/nfs/opt/Xilinx/Vivado_HLS/2016.1/lnx64/tools/gcc" -hls -fno-exceptions  -D__llvm__  -CC -E "VMRouter.cpp"     -fno-math-errno -c -emit-llvm -O0  -mllvm -disable-llvm-optzns -fno-threadsafe-statics  -fno-use-cxa-atexit  -fno-threadsafe-statics -fno-use-cxa-atexit -DAESL_SYN -D__SYNTHESIS__ -D__HLS_SYN__ -I "/nfs/opt/Xilinx/Vivado_HLS/2016.1/common/technology/autopilot" -I "/nfs/opt/Xilinx/Vivado_HLS/2016.1/common/technology/autopilot/ap_sysc" -include etc/autopilot_ssdm_op.h  -o "/mnt/scratch/djc448/HLSAlgorithm/VMRouter_prj2/solution2/.autopilot/db/VMRouter.pp.0.cpp"

@I [HLS-0] GCC PP time: 0 seconds per iteration
@I [HLS-100] Command "list_core -type functional_unit "
@I [HLS-100] Command 'list_core' returned 0; elapsed 0Total elapsed time: 2.565 sec.
@I [HLS-0] Marker-Pragma convertor: /mnt/scratch/djc448/HLSAlgorithm/VMRouter_prj2/solution2/.autopilot/db/VMRouter.pp.0.cpp /mnt/scratch/djc448/HLSAlgorithm/VMRouter_prj2/solution2/.autopilot/db/VMRouter.pp.0.cpp.ap-line.cpp /mnt/scratch/djc448/HLSAlgorithm/VMRouter_prj2/solution2/.autopilot/db/VMRouter.pp.0.cpp.ap-line.cpp.CXX 1
@I [HLS-0] 
Source processor: exec /nfs/opt/Xilinx/Vivado_HLS/2016.1/tps/lnx64/jre/bin/java -Xmx512m -classpath   "/nfs/opt/Xilinx/Vivado_HLS/2016.1/lib/classes/autopilot.sourceprocessor.jar:/nfs/opt/Xilinx/Vivado_HLS/2016.1/lib/classes/org.eclipse.cdt.core_5.3.0.xilinx_patch.jar:/nfs/opt/Xilinx/Vivado_HLS/2016.1/lib/classes/org.eclipse.core.runtime_3.7.0.v20110110.jar:/nfs/opt/Xilinx/Vivado_HLS/2016.1/lib/classes/org.eclipse.equinox.common_3.6.0.v20110523.jar:/nfs/opt/Xilinx/Vivado_HLS/2016.1/lib/classes/com.ibm.icu_4.4.2.v20110208.jar:/nfs/opt/Xilinx/Vivado_HLS/2016.1/lib/classes/jargs.jar:/nfs/opt/Xilinx/Vivado_HLS/2016.1/lnx64/tools/eclipse/plugins/org.eclipse.emf.common_2.10.1.v20150123-0348.jar:/nfs/opt/Xilinx/Vivado_HLS/2016.1/lnx64/tools/eclipse/plugins/org.eclipse.emf.ecore_2.10.2.v20150123-0348.jar:/nfs/opt/Xilinx/Vivado_HLS/2016.1/lnx64/tools/eclipse/plugins/org.eclipse.emf.ecore.xmi_2.10.2.v20150123-0348.jar:/nfs/opt/Xilinx/Vivado_HLS/2016.1/lnx64/tools/eclipse/plugins/com.autoesl.autopilot.ui.directiveFileModel_1.0.0.jar:/nfs/opt/Xilinx/Vivado_HLS/2016.1/lnx64/tools/eclipse/plugins/com.autoesl.autopilot.ui.common_1.0.0.jar"  autopilot.sourceprocessor.CParser  "/mnt/scratch/djc448/HLSAlgorithm/VMRouter_prj2/solution2/.autopilot/db/VMRouter.pp.0.cpp.ap-line.cpp"  -m "VMRouter" -o "/mnt/scratch/djc448/HLSAlgorithm/VMRouter_prj2/solution2/.autopilot/db/VMRouter.pp.0.cpp.ap-cdt.cpp" --pp --directive /mnt/scratch/djc448/HLSAlgorithm/VMRouter_prj2/solution2/solution2.directive --source /mnt/scratch/djc448/HLSAlgorithm/VMRouter.cpp --error /mnt/scratch/djc448/HLSAlgorithm/VMRouter_prj2/solution2/.autopilot/db --funcunit "AddSub AddSub_DSP AddSubnS DAddSub_fulldsp DAddSub_nodsp DDiv DExp_fulldsp DExp_meddsp DExp_nodsp DLog_fulldsp DLog_meddsp DLog_nodsp DMul_fulldsp DMul_maxdsp DMul_meddsp DMul_nodsp DRSqrt DRecip DSqrt DivnS FAddSub_fulldsp FAddSub_nodsp FDiv FExp_fulldsp FExp_meddsp FExp_nodsp FLog_fulldsp FLog_meddsp FLog_nodsp FMul_fulldsp FMul_maxdsp FMul_meddsp FMul_nodsp FRSqrt_fulldsp FRSqrt_nodsp FRecip_fulldsp FRecip_nodsp FSqrt HAddSub_nodsp HDiv HMul_fulldsp HMul_maxdsp HMul_nodsp HSqrt Mul Mul2S Mul3S Mul4S Mul5S Mul6S Mul_LUT MulnS MuxnS" --ve --vetcl /mnt/scratch/djc448/HLSAlgorithm/VMRouter_prj2/solution2/.autopilot/db --ca --es --gf --pd --p2d /mnt/scratch/djc448/HLSAlgorithm/VMRouter_prj2/solution2/.autopilot/db --sd --scff /mnt/scratch/djc448/HLSAlgorithm/VMRouter_prj2/solution2/.autopilot/db/.systemc_flag --ad

@I [HLS-0] Error:Syntax error in source:for (__decltype(__n + 0) __niter = __n;
Error:Missing ; in source:t
Error:Syntax error in source:)
 *__first = __value;
Error:Syntax error in source:for (__decltype(__n + 0) __niter = __n;
Error:Missing ; in source:t
Error:Syntax error in source:)
 *__first = __tmp;
@I [HLS-0] Marker-Pragma convertor: /mnt/scratch/djc448/HLSAlgorithm/VMRouter_prj2/solution2/.autopilot/db/VMRouter.pp.0.cpp.ap-cdt.cpp /mnt/scratch/djc448/HLSAlgorithm/VMRouter_prj2/solution2/.autopilot/db/VMRouter.pragma.0.cpp /mnt/scratch/djc448/HLSAlgorithm/VMRouter_prj2/solution2/.autopilot/db/VMRouter.pragma.0.cpp.ap-line.CXX 0
@I [HLS-100] Command "source /mnt/scratch/djc448/HLSAlgorithm/VMRouter_prj2/solution2/.autopilot/db/pragma.status.tcl "
@I [HLS-100] Command 'ap_source' returned 0; elapsed 0Total elapsed time: 8.989 sec.
@I [HLS-0] CDT processor time: 6 seconds per iteration
@I [HLS-0] Pragma handling time: 0 seconds per iteration
@I [HLS-0] 
Source preprocessing: exec clang -fno-limit-debug-info -gcc-toolchain "/nfs/opt/Xilinx/Vivado_HLS/2016.1/lnx64/tools/gcc" -hls -fno-exceptions  -D__llvm__  -CC -E "/mnt/scratch/djc448/HLSAlgorithm/VMRouter_prj2/solution2/.autopilot/db/VMRouter.pragma.1.cpp"     -fno-math-errno -c -emit-llvm -O0  -mllvm -disable-llvm-optzns -fno-threadsafe-statics  -fno-use-cxa-atexit  -fno-threadsafe-statics -fno-use-cxa-atexit -DAESL_SYN -D__SYNTHESIS__ -D__HLS_SYN__ -I "/nfs/opt/Xilinx/Vivado_HLS/2016.1/common/technology/autopilot" -I "/nfs/opt/Xilinx/Vivado_HLS/2016.1/common/technology/autopilot/ap_sysc" -include etc/autopilot_ssdm_op.h  -o "/mnt/scratch/djc448/HLSAlgorithm/VMRouter_prj2/solution2/.autopilot/db/VMRouter.pragma.2.cpp"

@I [HLS-0] exec clang -fno-limit-debug-info -gcc-toolchain /nfs/opt/Xilinx/Vivado_HLS/2016.1/lnx64/tools/gcc -hls -hls-analyze-label -hls-analyze-pragma -fno-exceptions  -D__llvm__  -w  "/mnt/scratch/djc448/HLSAlgorithm/VMRouter_prj2/solution2/.autopilot/db/VMRouter.pragma.2.cpp"    -fno-math-errno -c -emit-llvm -O0  -mllvm -disable-llvm-optzns -fno-threadsafe-statics  -fno-use-cxa-atexit -DAESL_SYN -D__SYNTHESIS__ -D__HLS_SYN__ -I "/nfs/opt/Xilinx/Vivado_HLS/2016.1/common/technology/autopilot" -I "/nfs/opt/Xilinx/Vivado_HLS/2016.1/common/technology/autopilot/ap_sysc" -include etc/autopilot_ssdm_op.h -g -o "/mnt/scratch/djc448/HLSAlgorithm/VMRouter_prj2/solution2/.autopilot/db/VMRouter.g.bc"
@W [HLS-40] Skipped source file 'VMRouter.hh'. Source files must have extensions .c, .C, .cc, .cpp, .c++, .cp, or .cxx.
@I [HLS-100] Command "source /mnt/scratch/djc448/HLSAlgorithm/VMRouter_prj2/solution2/.autopilot/db/ve_warning.tcl "
@I [HLS-100] Command 'ap_source' returned 0; elapsed 0Total elapsed time: 10.58 sec.
@I [HLS-10] Validating synthesis directives ...
@0 [HLS-0] Validating synthesis directives ...
@I [HLS-100] Command "source /mnt/scratch/djc448/HLSAlgorithm/VMRouter_prj2/solution2/.autopilot/db/pragma.status.tcl "
@I [HLS-100] Command 'ap_source' returned 0; elapsed 0Total elapsed time: 10.59 sec.
@I [HLS-0] Linking all ...
@I [HLS-0] exec llvm-ld  "/mnt/scratch/djc448/HLSAlgorithm/VMRouter_prj2/solution2/.autopilot/db/VMRouter.bc"  -disable-opt  -L/nfs/opt/Xilinx/Vivado_HLS/2016.1/lnx64/lib -lm_basic -o "/mnt/scratch/djc448/HLSAlgorithm/VMRouter_prj2/solution2/.autopilot/db/a.o.pre"
@I [HLS-0] Link time: 0 seconds per iteration
@I [HLS-0] Linking all ...
@I [HLS-0] exec llvm-ld  "/mnt/scratch/djc448/HLSAlgorithm/VMRouter_prj2/solution2/.autopilot/db/VMRouter.g.bc"  -disable-opt  -L/nfs/opt/Xilinx/Vivado_HLS/2016.1/lnx64/lib -lm_basic -o "/mnt/scratch/djc448/HLSAlgorithm/VMRouter_prj2/solution2/.autopilot/db/a.g.pre"
@I [HLS-0] Link time: 0 seconds per iteration
@I [HLS-100] Command "opt_and_import_c a -opt_level=2 -skip_syncheck=0 -ng=0 -keep_printf=0 "
@I [HLS-100] Command "cleanup_all_models "
@I [HLS-100] Command 'cleanup_all_models' returned 0; elapsed 0Total elapsed time: 10.474 sec.
@I [HLS-10] Starting code transformations ...
@0 [HLS-0] Starting code transformations ...
@I [HLS-0] std xform: transform -hls -share-std-xform -always-inline -promote-dbg-pointer  -interface-preproc  -scalarrepl -mem2reg -keep-read-access -instcombine -dce  -promote-dbg-pointer  -bitop-raise  -indvars -loop-simplify -xunroll  -constprop -instcombine -simplifycfg -indvars  -simplifycfg -dce -globaldce  -basicaa  -simplifycfg -mem2reg -globalopt  -global-constprop -deadargelim -instcombine -simplifycfg  -prune-eh -simplifycfg  -scalarrepl -instcombine -reassociate -licm  -simplifycfg -loop-simplify -indvars -instcombine  -simplifycfg -mem2reg -loop-simplify -indvars -instcombine  -gvn -gvn -instcombine -adce  -break-crit-edges  -simplifycfg -loop-delete  -global-array-opt -dce -dse -adce  -find-syn-modules -top VMRouter  -deadargelim  -mem2reg -instcombine -dce  -presyn-prepare -auto-rom-infer  -interface-preproc  -syn-check -check-rec-only  -find-region -simplifycfg -func-extr -function-inline  -globaldce -mem2reg -instcombine -dce   -gvn -globaldce -adce -adse  -constprop -instcombine -bit-constprop  -instcombine -dce -simplifycfg -bitop-raise  -simplifycfg -dce -loop-delete -reassociate  -globalopt -global-privatize -mem2reg -dce  -global-constprop -pointer-simplify -constprop -dce  -func-inst -deadargelim  -promote-dbg-pointer  -norm-name   /mnt/scratch/djc448/HLSAlgorithm/VMRouter_prj2/solution2/.autopilot/db/a.g.0.bc -o /mnt/scratch/djc448/HLSAlgorithm/VMRouter_prj2/solution2/.autopilot/db/a.g.1.bc -f  -phase std-opt
@I [HLS-0] Std xform time: 0 seconds per iteration
@I [HLS-100] Command "is_encrypted /mnt/scratch/djc448/HLSAlgorithm/VMRouter_prj2/solution2/.autopilot/db/a.g.1.bc "
@I [HLS-100] Command 'is_encrypted' returned 0; elapsed 0Total elapsed time: 10.760 sec.
@I [HLS-10] Checking synthesizability ...
@0 [HLS-0] Checking synthesizability ...
@I [HLS-0] syn check 1/2: transform -hls -syn-check -check-rec-only -disaggr -scalarrepl -norm-name -dce  -mem2reg -instcombine  -function-uniquify -directive-preproc -mem2reg -dse -dce -auto-rom-infer -dce  -array-normalize -instcombine -dce  -array-seg-normalize -instcombine -dce  -array-flatten -instcombine -dce  -array-burst -dce  -deadargelim -promote-global-argument  -simplifycfg -mem2reg -globaldce -resolve-double-ptr  -dce -deadargelim -dce -instcombine  -function-inline -globaldce -dce  -doublePtrSimplify -doublePtrElim -dce  -doublePtrSimplify -promote-dbg-pointer  -dce -scalarrepl -dse -adse -instcombine  -ptrLegalization  -simplifycfg -dce -instcombine  -pointer-simplify -ptrArgReplace -dce -instcombine   -disaggr -scalarrepl -norm-name -dce  -mem2reg -instcombine -ptrLegalization   -simplifycfg -deadargelim  -instcombine -dce -inst-simplify  -function-uniquify -directive-preproc -mem2reg -dse -dce  -globaldce    /mnt/scratch/djc448/HLSAlgorithm/VMRouter_prj2/solution2/.autopilot/db/a.g.1.bc -o /mnt/scratch/djc448/HLSAlgorithm/VMRouter_prj2/solution2/.autopilot/db/a.g.2.prechk.bc -f
@I [XFORM-602] Inlining function 'HLSFullStubLayerPS::GetZ' into 'VMRouter' (VMRouter.cpp:62) automatically.
@I [XFORM-602] Inlining function 'HLSFullStubLayerPS::GetPhi' into 'VMRouter' (VMRouter.cpp:63) automatically.
@I [XFORM-602] Inlining function 'HLSFullStubLayerPS::GetR' into 'VMRouter' (VMRouter.cpp:64) automatically.
@I [XFORM-602] Inlining function 'HLSFullStubLayerPS::GetPt' into 'VMRouter' (VMRouter.cpp:65) automatically.
@I [XFORM-602] Inlining function 'HLSFullStubLayerPS::AddStub' into 'VMRouter' (VMRouter.cpp:68) automatically.
@I [HLS-0] Syn check 1/2 time: 0 seconds per iteration
@I [HLS-0] syn check 2/2: transform -syn-check   /mnt/scratch/djc448/HLSAlgorithm/VMRouter_prj2/solution2/.autopilot/db/a.g.2.prechk.bc -o /mnt/scratch/djc448/HLSAlgorithm/VMRouter_prj2/solution2/.autopilot/db/a.g.2.bc -f  -phase syn-check
@I [HLS-0] Syn check 2/2 time: 0 seconds per iteration
@I [HLS-0] Compiler optimizing ...
@I [HLS-0] Share syncheck's 1.bc for syn flow: copy /mnt/scratch/djc448/HLSAlgorithm/VMRouter_prj2/solution2/.autopilot/db/a.g.1.bc to /mnt/scratch/djc448/HLSAlgorithm/VMRouter_prj2/solution2/.autopilot/db/a.o.1.bc
@I [HLS-0] presyn 1: transform -hls -tmp /mnt/scratch/djc448/HLSAlgorithm/VMRouter_prj2/solution2/.autopilot/db -type-info  -function-uniquify -directive-preproc -mem2reg -dse -dce  -disaggr -scalarrepl -norm-name -deadargelim  -mem2reg -instcombine -dce -auto-rom-infer -dce -function-uniquify  -resource-proc  -simplifycfg -mem2reg -globaldce -resolve-double-ptr -dce -deadargelim -dce -instcombine  -clib-intrinsic-prepare -dce  -func-buffer -dce -array-normalize  -func-legal -instcombine -gvn -constprop -dce   -ptrArgReplace -mem2reg -instcombine -dce  -array-seg-normalize -deadargelim  -instcombine -dce  -pointer-simplify -dce  -port-alignment -dce  -interface-preproc  -data-pack -instcombine -dce   -basicaa -aggr-aa -aggrmodref-aa -aggr-aa -gvn -gvn  -basicaa -aggr-aa -aggrmodref-aa -aggr-aa -dse -adse -adce  -loop-simplify -indvars -instcombine  -gvn -loop-simplify -mem2reg -dce -simplifycfg  -find-region -instcombine  -auto-loop-pipeline  -inst-simplify  -interface-preproc  -indvars -auto-loop-unroll -loop-simplify -loop-bound -xunroll  -constprop -instcombine -simplifycfg -indvars  -simplifycfg -dce -globaldce  -attach-range  -gvn -inst-simplify  -constprop -simplifycfg -dce  -pointer-simplify -dce  -globalopt -constprop -dce  -array-promote -constprop -instcombine -dce  -ptrArgReplace -mem2reg  -instcombine -simplifycfg -dce  -auto-par -instcombine -dce  -array-transform-check  -array-reshape -instcombine -simplifycfg -dce  -ptrArgReplace -deadargelim -mem2reg  -instcombine -simplifycfg -dce   -indvars -loop-simplify -loop-bound -xunroll  -constprop -instcombine -simplifycfg -indvars  -simplifycfg -dce -globaldce  -duplicate-dataflow-processes -globaldce  -array-partition -instcombine -simplifycfg -dce  -ptrArgReplace -global-constprop -deadargelim -mem2reg  -func-legal -instcombine -dce -global-constprop -deadargelim -mem2reg  -instcombine -simplifycfg -dce   -globalopt -constprop -dce  -array-promote -constprop -instcombine -dce  -ptrArgReplace -mem2reg  -instcombine -simplifycfg -dce   -mem-intrinsic-preproc -dce  -global-privatize  -mem2reg -globaldce  -promote-global-argument  -ptrArgReplace -mem2reg -instcombine -dce  -globalopt -mergereturn -simplify-global-access -mem2reg -dce  -pointer-simplify -dce  -functionattrs  -basicaa -aggr-aa -aggrmodref-aa -aggr-aa -gvn -gvn  -basicaa -aggr-aa -aggrmodref-aa -aggr-aa -dse -adse -adce  -inst-simplify -dce -norm-name  -function-inline -globaldce  -func-inst -constprop -instcombine -simplifycfg -dce  -func-legal -dce   -loop-bound  -arraycheck -bitwidthmin -on-by-dataflow  -loop-delete -instcombine -simplifycfg  -globaldce -dce -gvn -deadargelim -dce -loop-simplify -clean-region -simplifycfg -propagate-stable-arguments  -loop-stream -instcombine -simplifycfg -dce -globaldce  -stream-intrinsic-preproc -dce  -check-ap-stream -loop-simplify -eliminate-keepreads  -extract-dataflow-in-loop -loop-simplify -dce -gvn -deadargelim -dse  -check-dataflow-syntax  -legalize-stream-variable -legalize-global -legalize-global-1  -extract-subproc -dce -dead-channel-elimination  -canonicalize-gep -globaldce -dce -gvn -deadargelim  -scalar-propagation -deadargelim -globaldce -mem2reg  -check-dataflow-channels -function-stream -dce -globaldce  -prop-fifo-spec -internal-stream-gen  -canonicalize-gep -globaldce -dce -gvn -deadargelim   -mergereturn -indvars -loop-simplify -instcombine  -array-stream -instcombine -simplifycfg -dce  -bundle-memfifo-ops -deadargelim    -function-uniquify -directive-preproc -mem2reg -dse -dce  -group-axi-access    -licm -simplifycfg -dce -loop-delete  -norm-name  /mnt/scratch/djc448/HLSAlgorithm/VMRouter_prj2/solution2/.autopilot/db/a.o.1.bc -o /mnt/scratch/djc448/HLSAlgorithm/VMRouter_prj2/solution2/.autopilot/db/a.o.1.tmp.bc -f
@I [XFORM-602] Inlining function 'HLSFullStubLayerPS::GetZ' into 'VMRouter' (VMRouter.cpp:62) automatically.
@I [XFORM-602] Inlining function 'HLSFullStubLayerPS::GetPhi' into 'VMRouter' (VMRouter.cpp:63) automatically.
@I [XFORM-602] Inlining function 'HLSFullStubLayerPS::GetR' into 'VMRouter' (VMRouter.cpp:64) automatically.
@I [XFORM-602] Inlining function 'HLSFullStubLayerPS::GetPt' into 'VMRouter' (VMRouter.cpp:65) automatically.
@I [XFORM-602] Inlining function 'HLSFullStubLayerPS::AddStub' into 'VMRouter' (VMRouter.cpp:68) automatically.
@I [XFORM-602] Inlining function 'HLSReducedStubLayer::AddStub' into 'VMRouter' (VMRouter.cpp:95) automatically.
@I [HLS-0] Presyn 1 time: 0 seconds per iteration
@I [HLS-0] presyn 2: transform -hls -keep-callgraph -scalarrepl -mem2reg  -port-alignment -attach-range -dce  -pipe-mux-gen  -indvars -loop-bound  -inst-simplify -instcombine -dce  -merge-array-access -mem2reg -dce  -clean-region -mergereturn -if-conv  -instcombine -dce -constprop  -basicaa -aggr-aa -aggrmodref-aa -aggr-aa -gvn -gvn  -basicaa -aggr-aa -aggrmodref-aa -aggr-aa -dse -adse -adce  -scalarrepl -mem2reg  -global-constprop -deadargelim -deadargelim  -instcombine -dce -simplifycfg    -ptrArgReplace -mem2reg -function-inline  -globaldce -mem2reg -instcombine -dce -expr-balance  -instcombine -dce  -bitwidthmin  -interface-preproc -directive-preproc  -inst-rectify -instcombine -dce  -functionattrs  -constprop -instcombine -bit-constprop  -simplify-global-access  -globalopt -globaldce  -inst-simplify -instcombine -elimdeaddata -dce  -loop-delete -simplifycfg -loop-simplify -auto-burst   -norm-name /mnt/scratch/djc448/HLSAlgorithm/VMRouter_prj2/solution2/.autopilot/db/a.o.1.tmp.bc -o /mnt/scratch/djc448/HLSAlgorithm/VMRouter_prj2/solution2/.autopilot/db/a.o.2.bc -f  -phase presyn
@I [HLS-0] Presyn 2 time: 0 seconds per iteration
@I [HLS-100] Command "is_encrypted /mnt/scratch/djc448/HLSAlgorithm/VMRouter_prj2/solution2/.autopilot/db/a.o.2.bc "
@I [HLS-100] Command 'is_encrypted' returned 0; elapsed 0Total elapsed time: 11.782 sec.
@I [HLS-0] build ssdm: transform -hls  -function-uniquify -auto-function-inline -globaldce  -ptrArgReplace -mem2reg -instcombine -dce  -reset-lda  -loop-simplify -indvars -licm -loop-dep  -loop-bound -licm -loop-simplify -flattenloopnest  -array-flatten -gvn -instcombine -dce  -array-map -dce -func-legal  -gvn -adce -instcombine -cfgopt -simplifycfg -loop-simplify   -array-burst -promote-global-argument -dce  -axi4-lower -array-seg-normalize  -basicaa -aggrmodref-aa -globalsmodref-aa -aggr-aa -gvn -gvn  -basicaa -aggrmodref-aa -globalsmodref-aa -aggr-aa -dse -adse -adce -licm  -inst-simplify -dce  -globaldce -instcombine -array-stream -eliminate-keepreads -instcombine  -dce   -deadargelim -doublePtrSimplify  -doublePtrElim -dce -doublePtrSimplify -promote-dbg-pointer  -dce -scalarrepl -mem2reg -disaggr -norm-name -mem2reg  -instcombine  -dse -adse -adce -ptrLegalization -dce -auto-rom-infer -array-flatten -dce -instcombine  -loop-rot -constprop -cfgopt -simplifycfg -loop-simplify -indvars -pointer-simplify -dce -loop-bound  -loop-simplify -loop-preproc  -constprop -global-constprop -gvn -mem2reg -instcombine -dce  -loop-merge -dce  -bitwidthmin  -deadargelim -dce  -scalar-propagation -deadargelim -globaldce -mem2reg  -interface-preproc -interface-gen  -deadargelim -directive-preproc -inst-simplify -dce  -gvn -mem2reg -instcombine -dce -adse  -loop-bound  -instcombine -cfgopt -simplifycfg -loop-simplify  -clean-region -io-protocol  -find-region -mem2reg  -bitop-raise  -inst-simplify -inst-rectify -instcombine -adce -deadargelim  -loop-simplify -phi-opt -bitop-raise  -cfgopt -simplifycfg -strip-dead-prototypes  -interface-lower -bitop-lower -intrinsic-lower -auto-function-inline  -basicaa -aggrmodref-aa -globalsmodref-aa -aggr-aa  -inst-simplify -simplifycfg   -mergereturn -inst-simplify -inst-rectify  -dce -bitop-lower  -loop-rewind -pointer-simplify -dce -cfgopt  -read-loop-dep -dce -bitwidth -norm-name -legalize    -cdfg-build  /mnt/scratch/djc448/HLSAlgorithm/VMRouter_prj2/solution2/.autopilot/db/a.o.2.bc -o /mnt/scratch/djc448/HLSAlgorithm/VMRouter_prj2/solution2/.autopilot/db/a.o.3.bc -f  -phase build-ssdm
@I [HLS-0] Build ssdm time: 0 seconds per iteration
@I [HLS-100] Command "is_encrypted /mnt/scratch/djc448/HLSAlgorithm/VMRouter_prj2/solution2/.autopilot/db/a.o.3.bc "
@I [HLS-100] Command 'is_encrypted' returned 0; elapsed 0Total elapsed time: 12.199 sec.
@I [HLS-0] Finish building internal data model.
@I [HLS-100] Command 'opt_and_import_c' returned 0; elapsed 1.43Total elapsed time: 12.274 sec.
@I [HLS-111] Elapsed time: 3.5 seconds; current memory usage: 78.9 MB.
@I [HLS-100] Command 'elaborate' returned 0; elapsed 2.7Total elapsed time: 12.276 sec.
@I [HLS-100] Command "autosyn "
@I [HLS-10] Starting hardware synthesis ...
@0 [HLS-0] Starting hardware synthesis ...
@I [HLS-0] Synthesizing C/C++ design ...
@I [HLS-10] Synthesizing 'VMRouter' ...
@0 [HLS-0] Synthesizing 'VMRouter' ...
@I [HLS-100] Command "ap_set_top_model VMRouter "
@I [HLS-100] Command 'ap_set_top_model' returned 0; elapsed 0Total elapsed time: 12.277 sec.
@I [HLS-100] Command "get_model_list VMRouter -filter all-wo-channel -topdown "
@I [HLS-100] Command 'get_model_list' returned 0; elapsed 0Total elapsed time: 12.278 sec.
@I [HLS-100] Command "preproc_iomode -model VMRouter "
@I [HLS-100] Command 'preproc_iomode' returned 0; elapsed 0.01Total elapsed time: 12.294 sec.
@I [HLS-100] Command "get_model_list VMRouter -filter all-wo-channel "
@I [HLS-100] Command 'get_model_list' returned 0; elapsed 0Total elapsed time: 12.295 sec.
@I [HLS-0] Model list for configure: VMRouter
@I [HLS-0] Configuring Module : VMRouter ...
@I [HLS-100] Command "set_default_model VMRouter "
@I [HLS-100] Command 'set_default_model' returned 0; elapsed 0Total elapsed time: 12.296 sec.
@I [HLS-100] Command "apply_spec_resource_limit VMRouter "
@I [HLS-100] Command 'apply_spec_resource_limit' returned 0; elapsed 0Total elapsed time: 12.296 sec.
@I [HLS-0] Model list for preprocess: VMRouter
@I [HLS-0] Preprocessing Module: VMRouter ...
@I [HLS-100] Command "set_default_model VMRouter "
@I [HLS-100] Command 'set_default_model' returned 0; elapsed 0Total elapsed time: 12.296 sec.
@I [HLS-100] Command "cdfg_preprocess -model VMRouter "
@I [HLS-100] Command 'cdfg_preprocess' returned 0; elapsed 0.19Total elapsed time: 12.478 sec.
@I [HLS-100] Command "rtl_gen_preprocess VMRouter "
@I [HLS-100] Command 'rtl_gen_preprocess' returned 0; elapsed 0.01Total elapsed time: 12.487 sec.
@I [HLS-0] Model list for synthesis: VMRouter
@I [HLS-10] ----------------------------------------------------------------
@0 [HLS-0] ----------------------------------------------------------------
@I [HLS-10] -- Scheduling module 'VMRouter' 
@0 [HLS-0] -- Scheduling module 'VMRouter' 
@I [HLS-10] ----------------------------------------------------------------
@0 [HLS-0] ----------------------------------------------------------------
@I [HLS-100] Command "set_default_model VMRouter "
@I [HLS-100] Command 'set_default_model' returned 0; elapsed 0Total elapsed time: 12.487 sec.
@I [HLS-100] Command "schedule -model VMRouter "
@I [SCHED-11] Starting scheduling ...
@W [SCHED-21] Estimated delay (2.39ns) of 'load' operation ('HLSFullStubLayerPS.z.V', VMRouter.cpp:62) on array 'stubsInLayer_z_V' exceeds the target cycle time (target cycle time: 2ns, clock uncertainty: 0.25ns, effective cycle time: 1.75ns).
@W [SCHED-21] Estimated clock period (2.39ns) exceeds the target (target clock period: 2ns, clock uncertainty: 0.25ns, effective delay budget: 1.75ns).
@W [SCHED-21] The critical path consists of the following:
	'phi' operation ('i') with incoming values : ('i', VMRouter.cpp:55) (0 ns)
	'getelementptr' operation ('stubsInLayer_z_V_addr', VMRouter.cpp:62) (0 ns)
	'load' operation ('HLSFullStubLayerPS.z.V', VMRouter.cpp:62) on array 'stubsInLayer_z_V' (2.39 ns)
@I [SCHED-11] Finished scheduling.
@I [HLS-100] Command 'schedule' returned 0; elapsed 0.26Total elapsed time: 12.749 sec.
@I [HLS-111] Elapsed time: 0.48 seconds; current memory usage: 79.8 MB.
@I [HLS-100] Command "report -o /mnt/scratch/djc448/HLSAlgorithm/VMRouter_prj2/solution2/.autopilot/db/VMRouter.verbose.sched.rpt -verbose -f "
@I [HLS-100] Command 'report' returned 0; elapsed 0.02Total elapsed time: 12.772 sec.
@I [HLS-100] Command "db_write -o /mnt/scratch/djc448/HLSAlgorithm/VMRouter_prj2/solution2/.autopilot/db/VMRouter.sched.adb -f "
@I [HLS-100] Command 'db_write' returned 0; elapsed 0.03Total elapsed time: 12.804 sec.
@I [HLS-0] Finish scheduling VMRouter.
@I [HLS-10] ----------------------------------------------------------------
@0 [HLS-0] ----------------------------------------------------------------
@I [HLS-10] -- Exploring micro-architecture for module 'VMRouter' 
@0 [HLS-0] -- Exploring micro-architecture for module 'VMRouter' 
@I [HLS-10] ----------------------------------------------------------------
@0 [HLS-0] ----------------------------------------------------------------
@I [HLS-100] Command "set_default_model VMRouter "
@I [HLS-100] Command 'set_default_model' returned 0; elapsed 0Total elapsed time: 12.805 sec.
@I [HLS-100] Command "bind -model VMRouter "
@I [BIND-110] clear=
@I [BIND-110] debug=
@I [BIND-110] drf=
@I [BIND-110] effort=
@I [BIND-110] fast_refine=
@I [BIND-110] fu_weight=[ 0.0 -- 1.0 ]
@I [BIND-110] global_opt=
@I [BIND-110] gsearch=
@I [BIND-110] help=
@I [BIND-110] help-hidden=
@I [BIND-110] min_mem_port=
@I [BIND-110] min_op=
@I [BIND-110] minreg=
@I [BIND-110] ml=
@I [BIND-110] model=VMRouter
@I [BIND-110] no_false_path=
@I [BIND-110] no_min_op=
@I [BIND-110] normalize=
@I [BIND-110] quiet=
@I [BIND-110] refine=
@I [BIND-110] reg_weight=[ 0.0 -- 1.0 ]
@I [BIND-110] search=
@I [BIND-110] tight_delay=
@I [BIND-110] verbose=
@I [BIND-110] wFF=
@I [BIND-110] wFU=
@I [BIND-110] wMUX=
@I [BIND-110] wNET=
@I [BIND-100] Starting micro-architecture generation ...
@I [BIND-101] Performing variable lifetime analysis.
@I [BIND-101] Exploring resource sharing.
@I [BIND-101] Binding ...
@I [BIND-100] Finished micro-architecture generation.
@I [HLS-100] Command 'bind' returned 0; elapsed 0.05Total elapsed time: 12.850 sec.
@I [HLS-111] Elapsed time: 0.1 seconds; current memory usage: 80.6 MB.
@I [HLS-100] Command "report -o /mnt/scratch/djc448/HLSAlgorithm/VMRouter_prj2/solution2/.autopilot/db/VMRouter.verbose.bind.rpt -verbose -f "
@I [HLS-100] Command 'report' returned 0; elapsed 0.05Total elapsed time: 12.905 sec.
@I [HLS-100] Command "db_write -o /mnt/scratch/djc448/HLSAlgorithm/VMRouter_prj2/solution2/.autopilot/db/VMRouter.bind.adb -f "
@I [HLS-100] Command 'db_write' returned 0; elapsed 0.05Total elapsed time: 12.954 sec.
@I [HLS-0] Finish binding VMRouter.
@I [HLS-100] Command "get_model_list VMRouter -filter all-wo-channel "
@I [HLS-100] Command 'get_model_list' returned 0; elapsed 0Total elapsed time: 12.954 sec.
@I [HLS-0] Preprocessing for RTLGen ...
@I [HLS-100] Command "rtl_gen_preprocess VMRouter "
@I [HLS-100] Command 'rtl_gen_preprocess' returned 0; elapsed 0.01Total elapsed time: 12.962 sec.
@I [HLS-0] Model list for RTL generation: VMRouter
@I [HLS-10] ----------------------------------------------------------------
@0 [HLS-0] ----------------------------------------------------------------
@I [HLS-10] -- Generating RTL for module 'VMRouter' 
@0 [HLS-0] -- Generating RTL for module 'VMRouter' 
@I [HLS-10] ----------------------------------------------------------------
@0 [HLS-0] ----------------------------------------------------------------
@I [HLS-100] Command "create_rtl_model VMRouter -vendor xilinx -mg_file /mnt/scratch/djc448/HLSAlgorithm/VMRouter_prj2/solution2/.autopilot/db/VMRouter.compgen.tcl "
@I [RTGEN-500] Setting interface mode on port 'VMRouter/stubsInLayer_z_V' to 'ap_memory'.
@I [RTGEN-500] Setting interface mode on port 'VMRouter/stubsInLayer_phi_V' to 'ap_memory'.
@I [RTGEN-500] Setting interface mode on port 'VMRouter/stubsInLayer_r_V' to 'ap_memory'.
@I [RTGEN-500] Setting interface mode on port 'VMRouter/stubsInLayer_pt_V' to 'ap_memory'.
@I [RTGEN-500] Setting interface mode on port 'VMRouter/stubsInLayer_real' to 'ap_memory'.
@I [RTGEN-500] Setting interface mode on port 'VMRouter/allStubs_z_V' to 'ap_memory'.
@I [RTGEN-500] Setting interface mode on port 'VMRouter/allStubs_phi_V' to 'ap_memory'.
@I [RTGEN-500] Setting interface mode on port 'VMRouter/allStubs_r_V' to 'ap_memory'.
@I [RTGEN-500] Setting interface mode on port 'VMRouter/allStubs_pt_V' to 'ap_memory'.
@I [RTGEN-500] Setting interface mode on port 'VMRouter/allStubs_real' to 'ap_memory'.
@I [RTGEN-500] Setting interface mode on port 'VMRouter/vmStubsPH1Z1_z_V' to 'ap_memory'.
@I [RTGEN-500] Setting interface mode on port 'VMRouter/vmStubsPH1Z1_phi_V' to 'ap_memory'.
@I [RTGEN-500] Setting interface mode on port 'VMRouter/vmStubsPH1Z1_r_V' to 'ap_memory'.
@I [RTGEN-500] Setting interface mode on port 'VMRouter/vmStubsPH1Z1_pt_V' to 'ap_memory'.
@I [RTGEN-500] Setting interface mode on port 'VMRouter/vmStubsPH1Z1_index_V' to 'ap_memory'.
@I [RTGEN-500] Setting interface mode on port 'VMRouter/vmStubsPH1Z1_real' to 'ap_memory'.
@I [RTGEN-500] Setting interface mode on port 'VMRouter/vmStubsPH2Z1_z_V' to 'ap_memory'.
@I [RTGEN-500] Setting interface mode on port 'VMRouter/vmStubsPH2Z1_phi_V' to 'ap_memory'.
@I [RTGEN-500] Setting interface mode on port 'VMRouter/vmStubsPH2Z1_r_V' to 'ap_memory'.
@I [RTGEN-500] Setting interface mode on port 'VMRouter/vmStubsPH2Z1_pt_V' to 'ap_memory'.
@I [RTGEN-500] Setting interface mode on port 'VMRouter/vmStubsPH2Z1_index_V' to 'ap_memory'.
@I [RTGEN-500] Setting interface mode on port 'VMRouter/vmStubsPH2Z1_real' to 'ap_memory'.
@I [RTGEN-500] Setting interface mode on port 'VMRouter/vmStubsPH3Z1_z_V' to 'ap_memory'.
@I [RTGEN-500] Setting interface mode on port 'VMRouter/vmStubsPH3Z1_phi_V' to 'ap_memory'.
@I [RTGEN-500] Setting interface mode on port 'VMRouter/vmStubsPH3Z1_r_V' to 'ap_memory'.
@I [RTGEN-500] Setting interface mode on port 'VMRouter/vmStubsPH3Z1_pt_V' to 'ap_memory'.
@I [RTGEN-500] Setting interface mode on port 'VMRouter/vmStubsPH3Z1_index_V' to 'ap_memory'.
@I [RTGEN-500] Setting interface mode on port 'VMRouter/vmStubsPH3Z1_real' to 'ap_memory'.
@I [RTGEN-500] Setting interface mode on port 'VMRouter/vmStubsPH4Z1_z_V' to 'ap_memory'.
@I [RTGEN-500] Setting interface mode on port 'VMRouter/vmStubsPH4Z1_phi_V' to 'ap_memory'.
@I [RTGEN-500] Setting interface mode on port 'VMRouter/vmStubsPH4Z1_r_V' to 'ap_memory'.
@I [RTGEN-500] Setting interface mode on port 'VMRouter/vmStubsPH4Z1_pt_V' to 'ap_memory'.
@I [RTGEN-500] Setting interface mode on port 'VMRouter/vmStubsPH4Z1_index_V' to 'ap_memory'.
@I [RTGEN-500] Setting interface mode on port 'VMRouter/vmStubsPH4Z1_real' to 'ap_memory'.
@I [RTGEN-500] Setting interface mode on port 'VMRouter/vmStubsPH1Z2_z_V' to 'ap_memory'.
@I [RTGEN-500] Setting interface mode on port 'VMRouter/vmStubsPH1Z2_phi_V' to 'ap_memory'.
@I [RTGEN-500] Setting interface mode on port 'VMRouter/vmStubsPH1Z2_r_V' to 'ap_memory'.
@I [RTGEN-500] Setting interface mode on port 'VMRouter/vmStubsPH1Z2_pt_V' to 'ap_memory'.
@I [RTGEN-500] Setting interface mode on port 'VMRouter/vmStubsPH1Z2_index_V' to 'ap_memory'.
@I [RTGEN-500] Setting interface mode on port 'VMRouter/vmStubsPH1Z2_real' to 'ap_memory'.
@I [RTGEN-500] Setting interface mode on port 'VMRouter/vmStubsPH2Z2_z_V' to 'ap_memory'.
@I [RTGEN-500] Setting interface mode on port 'VMRouter/vmStubsPH2Z2_phi_V' to 'ap_memory'.
@I [RTGEN-500] Setting interface mode on port 'VMRouter/vmStubsPH2Z2_r_V' to 'ap_memory'.
@I [RTGEN-500] Setting interface mode on port 'VMRouter/vmStubsPH2Z2_pt_V' to 'ap_memory'.
@I [RTGEN-500] Setting interface mode on port 'VMRouter/vmStubsPH2Z2_index_V' to 'ap_memory'.
@I [RTGEN-500] Setting interface mode on port 'VMRouter/vmStubsPH2Z2_real' to 'ap_memory'.
@I [RTGEN-500] Setting interface mode on port 'VMRouter/vmStubsPH3Z2_z_V' to 'ap_memory'.
@I [RTGEN-500] Setting interface mode on port 'VMRouter/vmStubsPH3Z2_phi_V' to 'ap_memory'.
@I [RTGEN-500] Setting interface mode on port 'VMRouter/vmStubsPH3Z2_r_V' to 'ap_memory'.
@I [RTGEN-500] Setting interface mode on port 'VMRouter/vmStubsPH3Z2_pt_V' to 'ap_memory'.
@I [RTGEN-500] Setting interface mode on port 'VMRouter/vmStubsPH3Z2_index_V' to 'ap_memory'.
@I [RTGEN-500] Setting interface mode on port 'VMRouter/vmStubsPH3Z2_real' to 'ap_memory'.
@I [RTGEN-500] Setting interface mode on port 'VMRouter/vmStubsPH4Z2_z_V' to 'ap_memory'.
@I [RTGEN-500] Setting interface mode on port 'VMRouter/vmStubsPH4Z2_phi_V' to 'ap_memory'.
@I [RTGEN-500] Setting interface mode on port 'VMRouter/vmStubsPH4Z2_r_V' to 'ap_memory'.
@I [RTGEN-500] Setting interface mode on port 'VMRouter/vmStubsPH4Z2_pt_V' to 'ap_memory'.
@I [RTGEN-500] Setting interface mode on port 'VMRouter/vmStubsPH4Z2_index_V' to 'ap_memory'.
@I [RTGEN-500] Setting interface mode on port 'VMRouter/vmStubsPH4Z2_real' to 'ap_memory'.
@I [RTGEN-500] Setting interface mode on port 'VMRouter/nStubs' to 'ap_none'.
@I [RTGEN-500] Setting interface mode on function 'VMRouter' to 'ap_ctrl_hs'.
@W [RTGEN-101] Port 'VMRouter/stubsInLayer_real_address0' has no fanin or fanout and is left dangling.
               Please use C simulation to confirm this function argument can be read from or written to.
@W [RTGEN-101] Setting dangling out port 'VMRouter/stubsInLayer_real_address0' to 0.
@W [RTGEN-101] Port 'VMRouter/stubsInLayer_real_ce0' has no fanin or fanout and is left dangling.
               Please use C simulation to confirm this function argument can be read from or written to.
@W [RTGEN-101] Setting dangling out port 'VMRouter/stubsInLayer_real_ce0' to 0.
@W [RTGEN-101] Port 'VMRouter/stubsInLayer_real_we0' has no fanin or fanout and is left dangling.
               Please use C simulation to confirm this function argument can be read from or written to.
@W [RTGEN-101] Setting dangling out port 'VMRouter/stubsInLayer_real_we0' to 0.
@W [RTGEN-101] Port 'VMRouter/stubsInLayer_real_d0' has no fanin or fanout and is left dangling.
               Please use C simulation to confirm this function argument can be read from or written to.
@W [RTGEN-101] Setting dangling out port 'VMRouter/stubsInLayer_real_d0' to 0.
@W [RTGEN-101] Port 'VMRouter/stubsInLayer_real_q0' has no fanin or fanout and is left dangling.
               Please use C simulation to confirm this function argument can be read from or written to.
@W [RTGEN-101] Port 'VMRouter/stubsInLayer_real_address1' has no fanin or fanout and is left dangling.
               Please use C simulation to confirm this function argument can be read from or written to.
@W [RTGEN-101] Setting dangling out port 'VMRouter/stubsInLayer_real_address1' to 0.
@W [RTGEN-101] Port 'VMRouter/stubsInLayer_real_ce1' has no fanin or fanout and is left dangling.
               Please use C simulation to confirm this function argument can be read from or written to.
@W [RTGEN-101] Setting dangling out port 'VMRouter/stubsInLayer_real_ce1' to 0.
@W [RTGEN-101] Port 'VMRouter/stubsInLayer_real_we1' has no fanin or fanout and is left dangling.
               Please use C simulation to confirm this function argument can be read from or written to.
@W [RTGEN-101] Setting dangling out port 'VMRouter/stubsInLayer_real_we1' to 0.
@W [RTGEN-101] Port 'VMRouter/stubsInLayer_real_d1' has no fanin or fanout and is left dangling.
               Please use C simulation to confirm this function argument can be read from or written to.
@W [RTGEN-101] Setting dangling out port 'VMRouter/stubsInLayer_real_d1' to 0.
@W [RTGEN-101] Port 'VMRouter/stubsInLayer_real_q1' has no fanin or fanout and is left dangling.
               Please use C simulation to confirm this function argument can be read from or written to.
@I [RTGEN-100] Finished creating RTL model for 'VMRouter'.
@I [HLS-100] Command 'create_rtl_model' returned 0; elapsed 0.14Total elapsed time: 13.100 sec.
@I [HLS-111] Elapsed time: 0.25 seconds; current memory usage: 81.8 MB.
@I [HLS-100] Command "source /mnt/scratch/djc448/HLSAlgorithm/VMRouter_prj2/solution2/.autopilot/db/VMRouter.rtl_wrap.cfg.tcl "
@I [HLS-100] Command 'ap_source' returned 0; elapsed 0Total elapsed time: 13.102 sec.
@I [HLS-100] Command "gen_rtl VMRouter -istop -style xilinx -tracefl mytrace -tracefmt vcd -traceopt all -f -lang sc -o /mnt/scratch/djc448/HLSAlgorithm/VMRouter_prj2/solution2/syn/systemc/VMRouter -synmodules VMRouter "
@I [HLS-100] Command 'gen_rtl' returned 0; elapsed 0Total elapsed time: 13.107 sec.
@I [HLS-100] Command "gen_rtl VMRouter -istop -style xilinx -f -lang vhdl -o /mnt/scratch/djc448/HLSAlgorithm/VMRouter_prj2/solution2/syn/vhdl/VMRouter "
@I [HLS-100] Command 'gen_rtl' returned 0; elapsed 0.07Total elapsed time: 13.187 sec.
@I [HLS-100] Command "gen_rtl VMRouter -istop -style xilinx -f -lang vlog -o /mnt/scratch/djc448/HLSAlgorithm/VMRouter_prj2/solution2/syn/verilog/VMRouter "
@I [HLS-100] Command 'gen_rtl' returned 0; elapsed 0.05Total elapsed time: 13.228 sec.
@I [HLS-100] Command "export_constraint_db -o /mnt/scratch/djc448/HLSAlgorithm/VMRouter_prj2/solution2/.autopilot/db/VMRouter.constraint.tcl -f -tool general "
@I [HLS-100] Command 'export_constraint_db' returned 0; elapsed 0Total elapsed time: 13.229 sec.
@I [HLS-100] Command "report -model VMRouter -o /mnt/scratch/djc448/HLSAlgorithm/VMRouter_prj2/solution2/.autopilot/db/VMRouter.design.xml -verbose -f -dv "
@I [HLS-100] Command 'report' returned 0; elapsed 0.07Total elapsed time: 13.300 sec.
@I [HLS-100] Command "report -model VMRouter -o /mnt/scratch/djc448/HLSAlgorithm/VMRouter_prj2/solution2/.autopilot/db/VMRouter.sdaccel.xml -verbose -f -sdaccel "
@I [HLS-100] Command 'report' returned 0; elapsed 0.1Total elapsed time: 13.405 sec.
@I [HLS-100] Command "gen_tb_info VMRouter -o /mnt/scratch/djc448/HLSAlgorithm/VMRouter_prj2/solution2/.autopilot/db/VMRouter -p /mnt/scratch/djc448/HLSAlgorithm/VMRouter_prj2/solution2/.autopilot/db "
@I [HLS-100] Command 'gen_tb_info' returned 0; elapsed 0.06Total elapsed time: 13.468 sec.
@I [HLS-100] Command "report -model VMRouter -o /mnt/scratch/djc448/HLSAlgorithm/VMRouter_prj2/solution2/syn/report/VMRouter_csynth.rpt -f "
@I [HLS-100] Command 'report' returned 0; elapsed 0.04Total elapsed time: 13.506 sec.
@I [HLS-100] Command "report -model VMRouter -o /mnt/scratch/djc448/HLSAlgorithm/VMRouter_prj2/solution2/syn/report/VMRouter_csynth.xml -f -x "
@I [HLS-100] Command 'report' returned 0; elapsed 0.04Total elapsed time: 13.543 sec.
@I [HLS-100] Command "report -model VMRouter -o /mnt/scratch/djc448/HLSAlgorithm/VMRouter_prj2/solution2/.autopilot/db/VMRouter.verbose.rpt -verbose -f "
@I [HLS-100] Command 'report' returned 0; elapsed 0.09Total elapsed time: 13.629 sec.
@I [HLS-100] Command "db_write -model VMRouter -o /mnt/scratch/djc448/HLSAlgorithm/VMRouter_prj2/solution2/.autopilot/db/VMRouter.adb -f "
@I [HLS-100] Command 'db_write' returned 0; elapsed 0.08Total elapsed time: 13.714 sec.
@I [HLS-100] Command "sc_get_clocks VMRouter "
@I [HLS-100] Command 'sc_get_clocks' returned 0; elapsed 0Total elapsed time: 13.745 sec.
@I [HLS-100] Command "sc_get_portdomain VMRouter "
@I [HLS-100] Command 'sc_get_portdomain' returned 0; elapsed 0Total elapsed time: 13.745 sec.
@I [HLS-0] Model list for RTL component generation: VMRouter
@I [HLS-0] Handling components in module [VMRouter] ... 
@I [HLS-100] Command "source /mnt/scratch/djc448/HLSAlgorithm/VMRouter_prj2/solution2/.autopilot/db/VMRouter.compgen.tcl "
@I [HLS-100] Command 'ap_source' returned 0; elapsed 0Total elapsed time: 13.746 sec.
@I [HLS-0] Append model VMRouter
@I [HLS-0] Generating RTL model list ...
@I [HLS-0] All models in this session: VMRouter
@I [HLS-0] To file: write model VMRouter
@I [HLS-0] Finished generating RTL model list.


@I [HLS-0] RTL Generation done.
@I [HLS-0] CAS Generation done.
@I [HLS-0] CBC Generation done.
@I [HLS-100] Command "export_ssdm /mnt/scratch/djc448/HLSAlgorithm/VMRouter_prj2/solution2/.autopilot/db/a.export.ll "
@I [HLS-100] Command 'export_ssdm' returned 0; elapsed 0Total elapsed time: 13.748 sec.
@I [HLS-100] Command "source /mnt/scratch/djc448/HLSAlgorithm/VMRouter_prj2/solution2/.autopilot/db/global.setting.tcl "
@I [HLS-100] Command 'ap_source' returned 0; elapsed 0Total elapsed time: 13.750 sec.
@I [HLS-100] Command "source /nfs/opt/Xilinx/Vivado_HLS/2016.1/common/technology/generic/autopilot/common.gen "
@I [HLS-100] Command "source /nfs/opt/Xilinx/Vivado_HLS/2016.1/common/technology/generic/autopilot/APCoreGen.gen "
@I [HLS-100] Command 'ap_source' returned 0; elapsed 0Total elapsed time: 13.755 sec.
@I [HLS-100] Command 'ap_source' returned 0; elapsed 0.01Total elapsed time: 13.756 sec.
@I [HLS-100] Command "source /nfs/opt/Xilinx/Vivado_HLS/2016.1/common/technology/generic/autopilot/op.gen "
@I [HLS-100] Command 'ap_source' returned 0; elapsed 0Total elapsed time: 13.758 sec.
@I [HLS-100] Command "source /nfs/opt/Xilinx/Vivado_HLS/2016.1/common/technology/generic/autopilot/op_simcore.gen "
@I [HLS-100] Command 'ap_source' returned 0; elapsed 0Total elapsed time: 13.760 sec.
@I [HLS-100] Command "source /nfs/opt/Xilinx/Vivado_HLS/2016.1/common/technology/generic/autopilot/interface.gen "
@I [HLS-100] Command 'ap_source' returned 0; elapsed 0Total elapsed time: 13.761 sec.
@I [HLS-100] Command "source /mnt/scratch/djc448/HLSAlgorithm/VMRouter_prj2/solution2/.autopilot/db/global.setting.tcl "
@I [HLS-100] Command 'ap_source' returned 0; elapsed 0Total elapsed time: 13.761 sec.
@I [HLS-100] Command "source /nfs/opt/Xilinx/Vivado_HLS/2016.1/common/technology/xilinx/virtex7/virtex7.gen "
@I [HLS-100] Command "source /nfs/opt/Xilinx/Vivado_HLS/2016.1/common/technology/xilinx/common/virtex.gen "
@I [HLS-100] Command "source /nfs/opt/Xilinx/Vivado_HLS/2016.1/common/technology/xilinx/common/xilinx.gen "
@I [HLS-100] Command "source /nfs/opt/Xilinx/Vivado_HLS/2016.1/common/technology/xilinx/interface/plb46.gen "
@I [HLS-100] Command 'ap_source' returned 0; elapsed 0Total elapsed time: 13.769 sec.
@I [HLS-100] Command "source /nfs/opt/Xilinx/Vivado_HLS/2016.1/common/technology/xilinx/interface/fsl.gen "
@I [HLS-100] Command 'ap_source' returned 0; elapsed 0Total elapsed time: 13.771 sec.
@I [HLS-100] Command "source /nfs/opt/Xilinx/Vivado_HLS/2016.1/common/technology/xilinx/interface/axi4.gen "
@I [HLS-100] Command 'ap_source' returned 0; elapsed 0Total elapsed time: 13.774 sec.
@I [HLS-100] Command "source /nfs/opt/Xilinx/Vivado_HLS/2016.1/common/technology/xilinx/interface/nativeAXI4.gen "
@I [HLS-100] Command "source /nfs/opt/Xilinx/Vivado_HLS/2016.1/common/technology/xilinx/interface/saxilite.gen "
@I [HLS-100] Command 'ap_source' returned 0; elapsed 0Total elapsed time: 13.780 sec.
@I [HLS-100] Command "source /nfs/opt/Xilinx/Vivado_HLS/2016.1/common/technology/xilinx/interface/maxi.gen "
@I [HLS-100] Command 'ap_source' returned 0; elapsed 0.01Total elapsed time: 13.787 sec.
@I [HLS-100] Command 'ap_source' returned 0; elapsed 0.01Total elapsed time: 13.787 sec.
@I [HLS-100] Command "source /nfs/opt/Xilinx/Vivado_HLS/2016.1/common/technology/xilinx/scripts/xilinxcoregen.gen "
@I [HLS-100] Command 'ap_source' returned 0; elapsed 0.01Total elapsed time: 13.796 sec.
@I [HLS-100] Command "source /nfs/opt/Xilinx/Vivado_HLS/2016.1/common/technology/xilinx/interface/XilEDKCoreGen.gen "
@I [HLS-100] Command 'ap_source' returned 0; elapsed 0Total elapsed time: 13.803 sec.
@I [HLS-100] Command "source /nfs/opt/Xilinx/Vivado_HLS/2016.1/common/technology/xilinx/ip/xfft.gen "
@I [HLS-100] Command 'ap_source' returned 0; elapsed 0.07Total elapsed time: 13.879 sec.
@I [HLS-100] Command "source /nfs/opt/Xilinx/Vivado_HLS/2016.1/common/technology/xilinx/ip/xfir.gen "
@I [HLS-100] Command 'ap_source' returned 0; elapsed 0.01Total elapsed time: 13.881 sec.
@I [HLS-100] Command "source /nfs/opt/Xilinx/Vivado_HLS/2016.1/common/technology/xilinx/ip/dds_compiler.gen "
@I [HLS-100] Command 'ap_source' returned 0; elapsed 0.01Total elapsed time: 13.885 sec.
@I [HLS-100] Command "source /nfs/opt/Xilinx/Vivado_HLS/2016.1/common/technology/xilinx/ip/util.gen "
@I [HLS-100] Command 'ap_source' returned 0; elapsed 0Total elapsed time: 13.886 sec.
@I [HLS-100] Command 'ap_source' returned 0; elapsed 0.11Total elapsed time: 13.886 sec.
@I [HLS-100] Command "source /nfs/opt/Xilinx/Vivado_HLS/2016.1/common/technology/xilinx/common/dsp48.gen "
@I [HLS-100] Command 'ap_source' returned 0; elapsed 0Total elapsed time: 13.889 sec.
@I [HLS-100] Command 'ap_source' returned 0; elapsed 0.11Total elapsed time: 13.889 sec.
@I [HLS-100] Command 'ap_source' returned 0; elapsed 0.11Total elapsed time: 13.889 sec.
@I [HLS-100] Command "source /nfs/opt/Xilinx/Vivado_HLS/2016.1/common/technology/xilinx/virtex7/virtex7_fpv6.gen "
@I [HLS-100] Command "source /nfs/opt/Xilinx/Vivado_HLS/2016.1/common/technology/xilinx/common/xilinx_fpv6.gen "
@I [HLS-100] Command 'ap_source' returned 0; elapsed 0Total elapsed time: 13.893 sec.
@I [HLS-100] Command 'ap_source' returned 0; elapsed 0Total elapsed time: 13.893 sec.
@I [HLS-100] Command "source /mnt/scratch/djc448/HLSAlgorithm/VMRouter_prj2/solution2/.autopilot/db/global.setting.tcl "
@I [HLS-100] Command 'ap_source' returned 0; elapsed 0Total elapsed time: 13.893 sec.
@I [HLS-100] Command "source /mnt/scratch/djc448/HLSAlgorithm/VMRouter_prj2/solution2/.autopilot/db/global.setting.tcl "
@I [HLS-100] Command 'ap_source' returned 0; elapsed 0Total elapsed time: 13.894 sec.
@I [HLS-100] Command "source /mnt/scratch/djc448/HLSAlgorithm/VMRouter_prj2/solution2/.autopilot/db/global.setting.tcl "
@I [HLS-100] Command 'ap_source' returned 0; elapsed 0Total elapsed time: 13.894 sec.
@I [HLS-100] Command "source /mnt/scratch/djc448/HLSAlgorithm/VMRouter_prj2/solution2/.autopilot/db/global.setting.tcl "
@I [HLS-100] Command 'ap_source' returned 0; elapsed 0Total elapsed time: 13.894 sec.
@I [HLS-100] Command "source /mnt/scratch/djc448/HLSAlgorithm/VMRouter_prj2/solution2/.autopilot/db/VMRouter.compgen.tcl "
@I [HLS-100] Command 'ap_source' returned 0; elapsed 0Total elapsed time: 13.895 sec.
@I [HLS-10] Finished generating all RTL models.
@0 [HLS-0] Finished generating all RTL models.
@I [SYSC-301] Generating SystemC RTL for VMRouter.
@I [VHDL-304] Generating VHDL RTL for VMRouter.
@I [VLOG-307] Generating Verilog RTL for VMRouter.
@I [HLS-100] Command 'autosyn' returned 0; elapsed 1.6Total elapsed time: 13.896 sec.
@I [HLS-100] Command 'csynth_design' returned 0; elapsed 4.3Total elapsed time: 13.896 sec.
@I [HLS-100] Command 'ap_source' returned 0; elapsed 4.68Total elapsed time: 13.896 sec.
@I [HLS-100] Command "cleanup_all "
@I [HLS-100] Command 'cleanup_all' returned 0; elapsed 0.01Total elapsed time: 13.904 sec.
