==============================================================
File generated by Vivado(TM) HLS - High-Level Synthesis from C, C++ and SystemC
Version: 2016.1
Copyright (C) 1986-2016 Xilinx, Inc. All Rights Reserved.

==============================================================

@I [SYN-201] Setting up clock 'default' with a period of 2ns.
@I [HLS-10] Setting target device to 'xc7vx690tffg1158-1'
@I [SYN-201] Setting up clock 'default' with a period of 2ns.
@W [HLS-40] Skipped source file 'VMRouter.hh'. Source files must have extensions .c, .C, .cc, .cpp, .c++, .cp, or .cxx.
@I [HLS-10] Analyzing design file 'VMRouter.cpp' ... 
@W [HLS-40] Skipped source file 'HLSReducedStubLayer.hh'. Source files must have extensions .c, .C, .cc, .cpp, .c++, .cp, or .cxx.
@W [HLS-40] Skipped source file 'HLSFullStubLayerPS.hh'. Source files must have extensions .c, .C, .cc, .cpp, .c++, .cp, or .cxx.
@W [HLS-40] Skipped source file 'HLSConstants.hh'. Source files must have extensions .c, .C, .cc, .cpp, .c++, .cp, or .cxx.
@I [HLS-10] Validating synthesis directives ...
@I [HLS-10] Starting code transformations ...
@I [HLS-10] Checking synthesizability ...
@I [XFORM-602] Inlining function 'HLSFullStubLayerPS::GetZ' into 'VMRouter' (VMRouter.cpp:35) automatically.
@I [XFORM-602] Inlining function 'HLSFullStubLayerPS::GetPhi' into 'VMRouter' (VMRouter.cpp:36) automatically.
@I [XFORM-602] Inlining function 'HLSFullStubLayerPS::GetR' into 'VMRouter' (VMRouter.cpp:37) automatically.
@I [XFORM-602] Inlining function 'HLSFullStubLayerPS::GetPt' into 'VMRouter' (VMRouter.cpp:38) automatically.
@I [XFORM-602] Inlining function 'HLSFullStubLayerPS::AddStub' into 'VMRouter' (VMRouter.cpp:41) automatically.
@I [XFORM-602] Inlining function 'HLSReducedStubLayer::AddStub' into 'VMRouter' (VMRouter.cpp:59) automatically.
@I [XFORM-502] Unrolling small iteration loop 'Loop-1' (VMRouter.cpp:30) in function 'VMRouter' automatically.
@I [XFORM-501] Unrolling loop 'Loop-1' (VMRouter.cpp:30) in function 'VMRouter' completely.
@I [XFORM-602] Inlining function 'HLSFullStubLayerPS::GetZ' into 'VMRouter' (VMRouter.cpp:35) automatically.
@I [XFORM-602] Inlining function 'HLSFullStubLayerPS::GetPhi' into 'VMRouter' (VMRouter.cpp:36) automatically.
@I [XFORM-602] Inlining function 'HLSFullStubLayerPS::GetR' into 'VMRouter' (VMRouter.cpp:37) automatically.
@I [XFORM-602] Inlining function 'HLSFullStubLayerPS::GetPt' into 'VMRouter' (VMRouter.cpp:38) automatically.
@I [XFORM-602] Inlining function 'HLSFullStubLayerPS::AddStub' into 'VMRouter' (VMRouter.cpp:41) automatically.
@I [XFORM-602] Inlining function 'HLSReducedStubLayer::AddStub' into 'VMRouter' (VMRouter.cpp:59) automatically.
@I [HLS-111] Elapsed time: 2.82 seconds; current memory usage: 75.8 MB.
@I [HLS-10] Starting hardware synthesis ...
@I [HLS-10] Synthesizing 'VMRouter' ...
@I [HLS-10] ----------------------------------------------------------------
@I [HLS-10] -- Scheduling module 'VMRouter' 
@I [HLS-10] ----------------------------------------------------------------
@I [SCHED-11] Starting scheduling ...
@W [SCHED-21] Estimated delay (2.39ns) of 'load' operation ('HLSFullStubLayerPS.z.V', VMRouter.cpp:35) on array 'stubsInLayer_z_V' exceeds the target cycle time (target cycle time: 2ns, clock uncertainty: 0.25ns, effective cycle time: 1.75ns).
@W [SCHED-21] Estimated clock period (2.39ns) exceeds the target (target clock period: 2ns, clock uncertainty: 0.25ns, effective delay budget: 1.75ns).
@W [SCHED-21] The critical path consists of the following:
	'getelementptr' operation ('stubsInLayer_z_V_addr', VMRouter.cpp:35) (0 ns)
	'load' operation ('HLSFullStubLayerPS.z.V', VMRouter.cpp:35) on array 'stubsInLayer_z_V' (2.39 ns)
@I [SCHED-11] Finished scheduling.
@I [HLS-111] Elapsed time: 0.16 seconds; current memory usage: 76.2 MB.
@I [HLS-10] ----------------------------------------------------------------
@I [HLS-10] -- Exploring micro-architecture for module 'VMRouter' 
@I [HLS-10] ----------------------------------------------------------------
@I [BIND-100] Starting micro-architecture generation ...
@I [BIND-101] Performing variable lifetime analysis.
@I [BIND-101] Exploring resource sharing.
@I [BIND-101] Binding ...
@I [BIND-100] Finished micro-architecture generation.
@I [HLS-111] Elapsed time: 0.02 seconds; current memory usage: 76.5 MB.
@I [HLS-10] ----------------------------------------------------------------
@I [HLS-10] -- Generating RTL for module 'VMRouter' 
@I [HLS-10] ----------------------------------------------------------------
@I [RTGEN-500] Setting interface mode on port 'VMRouter/stubsInLayer_z_V' to 'ap_memory'.
@I [RTGEN-500] Setting interface mode on port 'VMRouter/stubsInLayer_phi_V' to 'ap_memory'.
@I [RTGEN-500] Setting interface mode on port 'VMRouter/stubsInLayer_r_V' to 'ap_memory'.
@I [RTGEN-500] Setting interface mode on port 'VMRouter/stubsInLayer_pt_V' to 'ap_memory'.
@I [RTGEN-500] Setting interface mode on port 'VMRouter/allStubs_z_V' to 'ap_memory'.
@I [RTGEN-500] Setting interface mode on port 'VMRouter/allStubs_phi_V' to 'ap_memory'.
@I [RTGEN-500] Setting interface mode on port 'VMRouter/allStubs_r_V' to 'ap_memory'.
@I [RTGEN-500] Setting interface mode on port 'VMRouter/allStubs_pt_V' to 'ap_memory'.
@I [RTGEN-500] Setting interface mode on port 'VMRouter/vmStubsPH1Z1_z_V' to 'ap_memory'.
@I [RTGEN-500] Setting interface mode on port 'VMRouter/vmStubsPH1Z1_phi_V' to 'ap_memory'.
@I [RTGEN-500] Setting interface mode on port 'VMRouter/vmStubsPH1Z1_r_V' to 'ap_memory'.
@I [RTGEN-500] Setting interface mode on port 'VMRouter/vmStubsPH1Z1_pt_V' to 'ap_memory'.
@I [RTGEN-500] Setting interface mode on port 'VMRouter/vmStubsPH1Z1_index_V' to 'ap_memory'.
@I [RTGEN-500] Setting interface mode on port 'VMRouter/vmStubsPH1Z2_z_V' to 'ap_memory'.
@I [RTGEN-500] Setting interface mode on port 'VMRouter/vmStubsPH1Z2_phi_V' to 'ap_memory'.
@I [RTGEN-500] Setting interface mode on port 'VMRouter/vmStubsPH1Z2_r_V' to 'ap_memory'.
@I [RTGEN-500] Setting interface mode on port 'VMRouter/vmStubsPH1Z2_pt_V' to 'ap_memory'.
@I [RTGEN-500] Setting interface mode on port 'VMRouter/vmStubsPH1Z2_index_V' to 'ap_memory'.
@I [RTGEN-500] Setting interface mode on function 'VMRouter' to 'ap_ctrl_hs'.
@I [RTGEN-100] Finished creating RTL model for 'VMRouter'.
@I [HLS-111] Elapsed time: 0.08 seconds; current memory usage: 76.9 MB.
@I [HLS-10] Finished generating all RTL models.
@I [SYSC-301] Generating SystemC RTL for VMRouter.
@I [VHDL-304] Generating VHDL RTL for VMRouter.
@I [VLOG-307] Generating Verilog RTL for VMRouter.
@I [HLS-112] Total elapsed time: 17.442 seconds; peak memory usage: 76.9 MB.
