

================================================================
== Vivado HLS Report for 'VMRouterDispatcher'
================================================================
* Date:           Thu Jul 20 08:07:37 2017

* Version:        2016.1 (Build 1538259 on Fri Apr 08 16:12:49 MDT 2016)
* Project:        VMRouter_prj2
* Solution:       solution1
* Product family: virtex7
* Target device:  xc7vx690tffg1927-2


================================================================
== Performance Estimates
================================================================
+ Timing (ns): 
    * Summary: 
    +--------+-------+----------+------------+
    |  Clock | Target| Estimated| Uncertainty|
    +--------+-------+----------+------------+
    |ap_clk  |   4.16|      3.50|        0.52|
    +--------+-------+----------+------------+

+ Latency (clock cycles): 
    * Summary: 
    +-----+-----+-----+-----+---------+
    |  Latency  |  Interval | Pipeline|
    | min | max | min | max |   Type  |
    +-----+-----+-----+-----+---------+
    |    5|   54|    6|   55|   none  |
    +-----+-----+-----+-----+---------+

    + Detail: 
        * Instance: 
        +----------------------------------------+-----------------------------+-----+-----+-----+-----+---------+
        |                                        |                             |  Latency  |  Interval | Pipeline|
        |                Instance                |            Module           | min | max | min | max |   Type  |
        +----------------------------------------+-----------------------------+-----+-----+-----+-----+---------+
        |grp_VMRouterDispatcher_VMRouter_fu_238  |VMRouterDispatcher_VMRouter  |    4|   53|    4|   53|   none  |
        +----------------------------------------+-----------------------------+-----+-----+-----+-----+---------+

        * Loop: 
        N/A



================================================================
== Utilization Estimates
================================================================
* Summary: 
+-----------------+---------+-------+--------+--------+
|       Name      | BRAM_18K| DSP48E|   FF   |   LUT  |
+-----------------+---------+-------+--------+--------+
|DSP              |        -|      -|       -|       -|
|Expression       |        -|      -|       -|       -|
|FIFO             |        -|      -|       -|       -|
|Instance         |        -|      -|     135|     130|
|Memory           |        -|      -|       -|       -|
|Multiplexer      |        -|      -|       -|       1|
|Register         |        -|      -|       3|       -|
+-----------------+---------+-------+--------+--------+
|Total            |        0|      0|     138|     131|
+-----------------+---------+-------+--------+--------+
|Available        |     2940|   3600|  866400|  433200|
+-----------------+---------+-------+--------+--------+
|Utilization (%)  |        0|      0|   ~0   |   ~0   |
+-----------------+---------+-------+--------+--------+

+ Detail: 
    * Instance: 
    +----------------------------------------+-----------------------------+---------+-------+-----+-----+
    |                Instance                |            Module           | BRAM_18K| DSP48E|  FF | LUT |
    +----------------------------------------+-----------------------------+---------+-------+-----+-----+
    |grp_VMRouterDispatcher_VMRouter_fu_238  |VMRouterDispatcher_VMRouter  |        0|      0|  135|  130|
    +----------------------------------------+-----------------------------+---------+-------+-----+-----+
    |Total                                   |                             |        0|      0|  135|  130|
    +----------------------------------------+-----------------------------+---------+-------+-----+-----+

    * DSP48: 
    N/A

    * Memory: 
    N/A

    * FIFO: 
    N/A

    * Expression: 
    N/A

    * Multiplexer: 
    +-----------+----+-----------+-----+-----------+
    |    Name   | LUT| Input Size| Bits| Total Bits|
    +-----------+----+-----------+-----+-----------+
    |ap_NS_fsm  |   1|          3|    1|          3|
    +-----------+----+-----------+-----+-----------+
    |Total      |   1|          3|    1|          3|
    +-----------+----+-----------+-----+-----------+

    * Register: 
    +--------------------------------------------------------+---+----+-----+-----------+
    |                          Name                          | FF| LUT| Bits| Const Bits|
    +--------------------------------------------------------+---+----+-----+-----------+
    |ap_CS_fsm                                               |  2|   0|    2|          0|
    |ap_reg_grp_VMRouterDispatcher_VMRouter_fu_238_ap_start  |  1|   0|    1|          0|
    +--------------------------------------------------------+---+----+-----+-----------+
    |Total                                                   |  3|   0|    3|          0|
    +--------------------------------------------------------+---+----+-----+-----------+



================================================================
== Interface
================================================================
* Summary: 
+-------------------------------+-----+-----+------------+----------------------+--------------+
|           RTL Ports           | Dir | Bits|  Protocol  |     Source Object    |    C Type    |
+-------------------------------+-----+-----+------------+----------------------+--------------+
|ap_clk                         |  in |    1| ap_ctrl_hs |  VMRouterDispatcher  | return value |
|ap_rst                         |  in |    1| ap_ctrl_hs |  VMRouterDispatcher  | return value |
|ap_start                       |  in |    1| ap_ctrl_hs |  VMRouterDispatcher  | return value |
|ap_done                        | out |    1| ap_ctrl_hs |  VMRouterDispatcher  | return value |
|ap_idle                        | out |    1| ap_ctrl_hs |  VMRouterDispatcher  | return value |
|ap_ready                       | out |    1| ap_ctrl_hs |  VMRouterDispatcher  | return value |
|stubsInLayer_z_V_address0      | out |    6|  ap_memory |   stubsInLayer_z_V   |     array    |
|stubsInLayer_z_V_ce0           | out |    1|  ap_memory |   stubsInLayer_z_V   |     array    |
|stubsInLayer_z_V_q0            |  in |   12|  ap_memory |   stubsInLayer_z_V   |     array    |
|stubsInLayer_phi_V_address0    | out |    6|  ap_memory |  stubsInLayer_phi_V  |     array    |
|stubsInLayer_phi_V_ce0         | out |    1|  ap_memory |  stubsInLayer_phi_V  |     array    |
|stubsInLayer_phi_V_q0          |  in |   14|  ap_memory |  stubsInLayer_phi_V  |     array    |
|stubsInLayer_r_V_address0      | out |    6|  ap_memory |   stubsInLayer_r_V   |     array    |
|stubsInLayer_r_V_ce0           | out |    1|  ap_memory |   stubsInLayer_r_V   |     array    |
|stubsInLayer_r_V_q0            |  in |    7|  ap_memory |   stubsInLayer_r_V   |     array    |
|stubsInLayer_pt_V_address0     | out |    6|  ap_memory |   stubsInLayer_pt_V  |     array    |
|stubsInLayer_pt_V_ce0          | out |    1|  ap_memory |   stubsInLayer_pt_V  |     array    |
|stubsInLayer_pt_V_q0           |  in |    3|  ap_memory |   stubsInLayer_pt_V  |     array    |
|allStubs_z_V_address0          | out |    6|  ap_memory |     allStubs_z_V     |     array    |
|allStubs_z_V_ce0               | out |    1|  ap_memory |     allStubs_z_V     |     array    |
|allStubs_z_V_we0               | out |    1|  ap_memory |     allStubs_z_V     |     array    |
|allStubs_z_V_d0                | out |   12|  ap_memory |     allStubs_z_V     |     array    |
|allStubs_phi_V_address0        | out |    6|  ap_memory |    allStubs_phi_V    |     array    |
|allStubs_phi_V_ce0             | out |    1|  ap_memory |    allStubs_phi_V    |     array    |
|allStubs_phi_V_we0             | out |    1|  ap_memory |    allStubs_phi_V    |     array    |
|allStubs_phi_V_d0              | out |   14|  ap_memory |    allStubs_phi_V    |     array    |
|allStubs_r_V_address0          | out |    6|  ap_memory |     allStubs_r_V     |     array    |
|allStubs_r_V_ce0               | out |    1|  ap_memory |     allStubs_r_V     |     array    |
|allStubs_r_V_we0               | out |    1|  ap_memory |     allStubs_r_V     |     array    |
|allStubs_r_V_d0                | out |    7|  ap_memory |     allStubs_r_V     |     array    |
|allStubs_pt_V_address0         | out |    6|  ap_memory |     allStubs_pt_V    |     array    |
|allStubs_pt_V_ce0              | out |    1|  ap_memory |     allStubs_pt_V    |     array    |
|allStubs_pt_V_we0              | out |    1|  ap_memory |     allStubs_pt_V    |     array    |
|allStubs_pt_V_d0               | out |    3|  ap_memory |     allStubs_pt_V    |     array    |
|vmStubsPH1Z1_z_V_address0      | out |    6|  ap_memory |   vmStubsPH1Z1_z_V   |     array    |
|vmStubsPH1Z1_z_V_ce0           | out |    1|  ap_memory |   vmStubsPH1Z1_z_V   |     array    |
|vmStubsPH1Z1_z_V_we0           | out |    1|  ap_memory |   vmStubsPH1Z1_z_V   |     array    |
|vmStubsPH1Z1_z_V_d0            | out |    4|  ap_memory |   vmStubsPH1Z1_z_V   |     array    |
|vmStubsPH1Z1_phi_V_address0    | out |    6|  ap_memory |  vmStubsPH1Z1_phi_V  |     array    |
|vmStubsPH1Z1_phi_V_ce0         | out |    1|  ap_memory |  vmStubsPH1Z1_phi_V  |     array    |
|vmStubsPH1Z1_phi_V_we0         | out |    1|  ap_memory |  vmStubsPH1Z1_phi_V  |     array    |
|vmStubsPH1Z1_phi_V_d0          | out |    3|  ap_memory |  vmStubsPH1Z1_phi_V  |     array    |
|vmStubsPH1Z1_r_V_address0      | out |    6|  ap_memory |   vmStubsPH1Z1_r_V   |     array    |
|vmStubsPH1Z1_r_V_ce0           | out |    1|  ap_memory |   vmStubsPH1Z1_r_V   |     array    |
|vmStubsPH1Z1_r_V_we0           | out |    1|  ap_memory |   vmStubsPH1Z1_r_V   |     array    |
|vmStubsPH1Z1_r_V_d0            | out |    2|  ap_memory |   vmStubsPH1Z1_r_V   |     array    |
|vmStubsPH1Z1_pt_V_address0     | out |    6|  ap_memory |   vmStubsPH1Z1_pt_V  |     array    |
|vmStubsPH1Z1_pt_V_ce0          | out |    1|  ap_memory |   vmStubsPH1Z1_pt_V  |     array    |
|vmStubsPH1Z1_pt_V_we0          | out |    1|  ap_memory |   vmStubsPH1Z1_pt_V  |     array    |
|vmStubsPH1Z1_pt_V_d0           | out |    3|  ap_memory |   vmStubsPH1Z1_pt_V  |     array    |
|vmStubsPH1Z1_index_V_address0  | out |    6|  ap_memory | vmStubsPH1Z1_index_V |     array    |
|vmStubsPH1Z1_index_V_ce0       | out |    1|  ap_memory | vmStubsPH1Z1_index_V |     array    |
|vmStubsPH1Z1_index_V_we0       | out |    1|  ap_memory | vmStubsPH1Z1_index_V |     array    |
|vmStubsPH1Z1_index_V_d0        | out |    6|  ap_memory | vmStubsPH1Z1_index_V |     array    |
|vmStubsPH2Z1_z_V_address0      | out |    6|  ap_memory |   vmStubsPH2Z1_z_V   |     array    |
|vmStubsPH2Z1_z_V_ce0           | out |    1|  ap_memory |   vmStubsPH2Z1_z_V   |     array    |
|vmStubsPH2Z1_z_V_we0           | out |    1|  ap_memory |   vmStubsPH2Z1_z_V   |     array    |
|vmStubsPH2Z1_z_V_d0            | out |    4|  ap_memory |   vmStubsPH2Z1_z_V   |     array    |
|vmStubsPH2Z1_phi_V_address0    | out |    6|  ap_memory |  vmStubsPH2Z1_phi_V  |     array    |
|vmStubsPH2Z1_phi_V_ce0         | out |    1|  ap_memory |  vmStubsPH2Z1_phi_V  |     array    |
|vmStubsPH2Z1_phi_V_we0         | out |    1|  ap_memory |  vmStubsPH2Z1_phi_V  |     array    |
|vmStubsPH2Z1_phi_V_d0          | out |    3|  ap_memory |  vmStubsPH2Z1_phi_V  |     array    |
|vmStubsPH2Z1_r_V_address0      | out |    6|  ap_memory |   vmStubsPH2Z1_r_V   |     array    |
|vmStubsPH2Z1_r_V_ce0           | out |    1|  ap_memory |   vmStubsPH2Z1_r_V   |     array    |
|vmStubsPH2Z1_r_V_we0           | out |    1|  ap_memory |   vmStubsPH2Z1_r_V   |     array    |
|vmStubsPH2Z1_r_V_d0            | out |    2|  ap_memory |   vmStubsPH2Z1_r_V   |     array    |
|vmStubsPH2Z1_pt_V_address0     | out |    6|  ap_memory |   vmStubsPH2Z1_pt_V  |     array    |
|vmStubsPH2Z1_pt_V_ce0          | out |    1|  ap_memory |   vmStubsPH2Z1_pt_V  |     array    |
|vmStubsPH2Z1_pt_V_we0          | out |    1|  ap_memory |   vmStubsPH2Z1_pt_V  |     array    |
|vmStubsPH2Z1_pt_V_d0           | out |    3|  ap_memory |   vmStubsPH2Z1_pt_V  |     array    |
|vmStubsPH2Z1_index_V_address0  | out |    6|  ap_memory | vmStubsPH2Z1_index_V |     array    |
|vmStubsPH2Z1_index_V_ce0       | out |    1|  ap_memory | vmStubsPH2Z1_index_V |     array    |
|vmStubsPH2Z1_index_V_we0       | out |    1|  ap_memory | vmStubsPH2Z1_index_V |     array    |
|vmStubsPH2Z1_index_V_d0        | out |    6|  ap_memory | vmStubsPH2Z1_index_V |     array    |
|vmStubsPH3Z1_z_V_address0      | out |    6|  ap_memory |   vmStubsPH3Z1_z_V   |     array    |
|vmStubsPH3Z1_z_V_ce0           | out |    1|  ap_memory |   vmStubsPH3Z1_z_V   |     array    |
|vmStubsPH3Z1_z_V_we0           | out |    1|  ap_memory |   vmStubsPH3Z1_z_V   |     array    |
|vmStubsPH3Z1_z_V_d0            | out |    4|  ap_memory |   vmStubsPH3Z1_z_V   |     array    |
|vmStubsPH3Z1_phi_V_address0    | out |    6|  ap_memory |  vmStubsPH3Z1_phi_V  |     array    |
|vmStubsPH3Z1_phi_V_ce0         | out |    1|  ap_memory |  vmStubsPH3Z1_phi_V  |     array    |
|vmStubsPH3Z1_phi_V_we0         | out |    1|  ap_memory |  vmStubsPH3Z1_phi_V  |     array    |
|vmStubsPH3Z1_phi_V_d0          | out |    3|  ap_memory |  vmStubsPH3Z1_phi_V  |     array    |
|vmStubsPH3Z1_r_V_address0      | out |    6|  ap_memory |   vmStubsPH3Z1_r_V   |     array    |
|vmStubsPH3Z1_r_V_ce0           | out |    1|  ap_memory |   vmStubsPH3Z1_r_V   |     array    |
|vmStubsPH3Z1_r_V_we0           | out |    1|  ap_memory |   vmStubsPH3Z1_r_V   |     array    |
|vmStubsPH3Z1_r_V_d0            | out |    2|  ap_memory |   vmStubsPH3Z1_r_V   |     array    |
|vmStubsPH3Z1_pt_V_address0     | out |    6|  ap_memory |   vmStubsPH3Z1_pt_V  |     array    |
|vmStubsPH3Z1_pt_V_ce0          | out |    1|  ap_memory |   vmStubsPH3Z1_pt_V  |     array    |
|vmStubsPH3Z1_pt_V_we0          | out |    1|  ap_memory |   vmStubsPH3Z1_pt_V  |     array    |
|vmStubsPH3Z1_pt_V_d0           | out |    3|  ap_memory |   vmStubsPH3Z1_pt_V  |     array    |
|vmStubsPH3Z1_index_V_address0  | out |    6|  ap_memory | vmStubsPH3Z1_index_V |     array    |
|vmStubsPH3Z1_index_V_ce0       | out |    1|  ap_memory | vmStubsPH3Z1_index_V |     array    |
|vmStubsPH3Z1_index_V_we0       | out |    1|  ap_memory | vmStubsPH3Z1_index_V |     array    |
|vmStubsPH3Z1_index_V_d0        | out |    6|  ap_memory | vmStubsPH3Z1_index_V |     array    |
|vmStubsPH4Z1_z_V_address0      | out |    6|  ap_memory |   vmStubsPH4Z1_z_V   |     array    |
|vmStubsPH4Z1_z_V_ce0           | out |    1|  ap_memory |   vmStubsPH4Z1_z_V   |     array    |
|vmStubsPH4Z1_z_V_we0           | out |    1|  ap_memory |   vmStubsPH4Z1_z_V   |     array    |
|vmStubsPH4Z1_z_V_d0            | out |    4|  ap_memory |   vmStubsPH4Z1_z_V   |     array    |
|vmStubsPH4Z1_phi_V_address0    | out |    6|  ap_memory |  vmStubsPH4Z1_phi_V  |     array    |
|vmStubsPH4Z1_phi_V_ce0         | out |    1|  ap_memory |  vmStubsPH4Z1_phi_V  |     array    |
|vmStubsPH4Z1_phi_V_we0         | out |    1|  ap_memory |  vmStubsPH4Z1_phi_V  |     array    |
|vmStubsPH4Z1_phi_V_d0          | out |    3|  ap_memory |  vmStubsPH4Z1_phi_V  |     array    |
|vmStubsPH4Z1_r_V_address0      | out |    6|  ap_memory |   vmStubsPH4Z1_r_V   |     array    |
|vmStubsPH4Z1_r_V_ce0           | out |    1|  ap_memory |   vmStubsPH4Z1_r_V   |     array    |
|vmStubsPH4Z1_r_V_we0           | out |    1|  ap_memory |   vmStubsPH4Z1_r_V   |     array    |
|vmStubsPH4Z1_r_V_d0            | out |    2|  ap_memory |   vmStubsPH4Z1_r_V   |     array    |
|vmStubsPH4Z1_pt_V_address0     | out |    6|  ap_memory |   vmStubsPH4Z1_pt_V  |     array    |
|vmStubsPH4Z1_pt_V_ce0          | out |    1|  ap_memory |   vmStubsPH4Z1_pt_V  |     array    |
|vmStubsPH4Z1_pt_V_we0          | out |    1|  ap_memory |   vmStubsPH4Z1_pt_V  |     array    |
|vmStubsPH4Z1_pt_V_d0           | out |    3|  ap_memory |   vmStubsPH4Z1_pt_V  |     array    |
|vmStubsPH4Z1_index_V_address0  | out |    6|  ap_memory | vmStubsPH4Z1_index_V |     array    |
|vmStubsPH4Z1_index_V_ce0       | out |    1|  ap_memory | vmStubsPH4Z1_index_V |     array    |
|vmStubsPH4Z1_index_V_we0       | out |    1|  ap_memory | vmStubsPH4Z1_index_V |     array    |
|vmStubsPH4Z1_index_V_d0        | out |    6|  ap_memory | vmStubsPH4Z1_index_V |     array    |
|vmStubsPH1Z2_z_V_address0      | out |    6|  ap_memory |   vmStubsPH1Z2_z_V   |     array    |
|vmStubsPH1Z2_z_V_ce0           | out |    1|  ap_memory |   vmStubsPH1Z2_z_V   |     array    |
|vmStubsPH1Z2_z_V_we0           | out |    1|  ap_memory |   vmStubsPH1Z2_z_V   |     array    |
|vmStubsPH1Z2_z_V_d0            | out |    4|  ap_memory |   vmStubsPH1Z2_z_V   |     array    |
|vmStubsPH1Z2_phi_V_address0    | out |    6|  ap_memory |  vmStubsPH1Z2_phi_V  |     array    |
|vmStubsPH1Z2_phi_V_ce0         | out |    1|  ap_memory |  vmStubsPH1Z2_phi_V  |     array    |
|vmStubsPH1Z2_phi_V_we0         | out |    1|  ap_memory |  vmStubsPH1Z2_phi_V  |     array    |
|vmStubsPH1Z2_phi_V_d0          | out |    3|  ap_memory |  vmStubsPH1Z2_phi_V  |     array    |
|vmStubsPH1Z2_r_V_address0      | out |    6|  ap_memory |   vmStubsPH1Z2_r_V   |     array    |
|vmStubsPH1Z2_r_V_ce0           | out |    1|  ap_memory |   vmStubsPH1Z2_r_V   |     array    |
|vmStubsPH1Z2_r_V_we0           | out |    1|  ap_memory |   vmStubsPH1Z2_r_V   |     array    |
|vmStubsPH1Z2_r_V_d0            | out |    2|  ap_memory |   vmStubsPH1Z2_r_V   |     array    |
|vmStubsPH1Z2_pt_V_address0     | out |    6|  ap_memory |   vmStubsPH1Z2_pt_V  |     array    |
|vmStubsPH1Z2_pt_V_ce0          | out |    1|  ap_memory |   vmStubsPH1Z2_pt_V  |     array    |
|vmStubsPH1Z2_pt_V_we0          | out |    1|  ap_memory |   vmStubsPH1Z2_pt_V  |     array    |
|vmStubsPH1Z2_pt_V_d0           | out |    3|  ap_memory |   vmStubsPH1Z2_pt_V  |     array    |
|vmStubsPH1Z2_index_V_address0  | out |    6|  ap_memory | vmStubsPH1Z2_index_V |     array    |
|vmStubsPH1Z2_index_V_ce0       | out |    1|  ap_memory | vmStubsPH1Z2_index_V |     array    |
|vmStubsPH1Z2_index_V_we0       | out |    1|  ap_memory | vmStubsPH1Z2_index_V |     array    |
|vmStubsPH1Z2_index_V_d0        | out |    6|  ap_memory | vmStubsPH1Z2_index_V |     array    |
|vmStubsPH2Z2_z_V_address0      | out |    6|  ap_memory |   vmStubsPH2Z2_z_V   |     array    |
|vmStubsPH2Z2_z_V_ce0           | out |    1|  ap_memory |   vmStubsPH2Z2_z_V   |     array    |
|vmStubsPH2Z2_z_V_we0           | out |    1|  ap_memory |   vmStubsPH2Z2_z_V   |     array    |
|vmStubsPH2Z2_z_V_d0            | out |    4|  ap_memory |   vmStubsPH2Z2_z_V   |     array    |
|vmStubsPH2Z2_phi_V_address0    | out |    6|  ap_memory |  vmStubsPH2Z2_phi_V  |     array    |
|vmStubsPH2Z2_phi_V_ce0         | out |    1|  ap_memory |  vmStubsPH2Z2_phi_V  |     array    |
|vmStubsPH2Z2_phi_V_we0         | out |    1|  ap_memory |  vmStubsPH2Z2_phi_V  |     array    |
|vmStubsPH2Z2_phi_V_d0          | out |    3|  ap_memory |  vmStubsPH2Z2_phi_V  |     array    |
|vmStubsPH2Z2_r_V_address0      | out |    6|  ap_memory |   vmStubsPH2Z2_r_V   |     array    |
|vmStubsPH2Z2_r_V_ce0           | out |    1|  ap_memory |   vmStubsPH2Z2_r_V   |     array    |
|vmStubsPH2Z2_r_V_we0           | out |    1|  ap_memory |   vmStubsPH2Z2_r_V   |     array    |
|vmStubsPH2Z2_r_V_d0            | out |    2|  ap_memory |   vmStubsPH2Z2_r_V   |     array    |
|vmStubsPH2Z2_pt_V_address0     | out |    6|  ap_memory |   vmStubsPH2Z2_pt_V  |     array    |
|vmStubsPH2Z2_pt_V_ce0          | out |    1|  ap_memory |   vmStubsPH2Z2_pt_V  |     array    |
|vmStubsPH2Z2_pt_V_we0          | out |    1|  ap_memory |   vmStubsPH2Z2_pt_V  |     array    |
|vmStubsPH2Z2_pt_V_d0           | out |    3|  ap_memory |   vmStubsPH2Z2_pt_V  |     array    |
|vmStubsPH2Z2_index_V_address0  | out |    6|  ap_memory | vmStubsPH2Z2_index_V |     array    |
|vmStubsPH2Z2_index_V_ce0       | out |    1|  ap_memory | vmStubsPH2Z2_index_V |     array    |
|vmStubsPH2Z2_index_V_we0       | out |    1|  ap_memory | vmStubsPH2Z2_index_V |     array    |
|vmStubsPH2Z2_index_V_d0        | out |    6|  ap_memory | vmStubsPH2Z2_index_V |     array    |
|vmStubsPH3Z2_z_V_address0      | out |    6|  ap_memory |   vmStubsPH3Z2_z_V   |     array    |
|vmStubsPH3Z2_z_V_ce0           | out |    1|  ap_memory |   vmStubsPH3Z2_z_V   |     array    |
|vmStubsPH3Z2_z_V_we0           | out |    1|  ap_memory |   vmStubsPH3Z2_z_V   |     array    |
|vmStubsPH3Z2_z_V_d0            | out |    4|  ap_memory |   vmStubsPH3Z2_z_V   |     array    |
|vmStubsPH3Z2_phi_V_address0    | out |    6|  ap_memory |  vmStubsPH3Z2_phi_V  |     array    |
|vmStubsPH3Z2_phi_V_ce0         | out |    1|  ap_memory |  vmStubsPH3Z2_phi_V  |     array    |
|vmStubsPH3Z2_phi_V_we0         | out |    1|  ap_memory |  vmStubsPH3Z2_phi_V  |     array    |
|vmStubsPH3Z2_phi_V_d0          | out |    3|  ap_memory |  vmStubsPH3Z2_phi_V  |     array    |
|vmStubsPH3Z2_r_V_address0      | out |    6|  ap_memory |   vmStubsPH3Z2_r_V   |     array    |
|vmStubsPH3Z2_r_V_ce0           | out |    1|  ap_memory |   vmStubsPH3Z2_r_V   |     array    |
|vmStubsPH3Z2_r_V_we0           | out |    1|  ap_memory |   vmStubsPH3Z2_r_V   |     array    |
|vmStubsPH3Z2_r_V_d0            | out |    2|  ap_memory |   vmStubsPH3Z2_r_V   |     array    |
|vmStubsPH3Z2_pt_V_address0     | out |    6|  ap_memory |   vmStubsPH3Z2_pt_V  |     array    |
|vmStubsPH3Z2_pt_V_ce0          | out |    1|  ap_memory |   vmStubsPH3Z2_pt_V  |     array    |
|vmStubsPH3Z2_pt_V_we0          | out |    1|  ap_memory |   vmStubsPH3Z2_pt_V  |     array    |
|vmStubsPH3Z2_pt_V_d0           | out |    3|  ap_memory |   vmStubsPH3Z2_pt_V  |     array    |
|vmStubsPH3Z2_index_V_address0  | out |    6|  ap_memory | vmStubsPH3Z2_index_V |     array    |
|vmStubsPH3Z2_index_V_ce0       | out |    1|  ap_memory | vmStubsPH3Z2_index_V |     array    |
|vmStubsPH3Z2_index_V_we0       | out |    1|  ap_memory | vmStubsPH3Z2_index_V |     array    |
|vmStubsPH3Z2_index_V_d0        | out |    6|  ap_memory | vmStubsPH3Z2_index_V |     array    |
|vmStubsPH4Z2_z_V_address0      | out |    6|  ap_memory |   vmStubsPH4Z2_z_V   |     array    |
|vmStubsPH4Z2_z_V_ce0           | out |    1|  ap_memory |   vmStubsPH4Z2_z_V   |     array    |
|vmStubsPH4Z2_z_V_we0           | out |    1|  ap_memory |   vmStubsPH4Z2_z_V   |     array    |
|vmStubsPH4Z2_z_V_d0            | out |    4|  ap_memory |   vmStubsPH4Z2_z_V   |     array    |
|vmStubsPH4Z2_phi_V_address0    | out |    6|  ap_memory |  vmStubsPH4Z2_phi_V  |     array    |
|vmStubsPH4Z2_phi_V_ce0         | out |    1|  ap_memory |  vmStubsPH4Z2_phi_V  |     array    |
|vmStubsPH4Z2_phi_V_we0         | out |    1|  ap_memory |  vmStubsPH4Z2_phi_V  |     array    |
|vmStubsPH4Z2_phi_V_d0          | out |    3|  ap_memory |  vmStubsPH4Z2_phi_V  |     array    |
|vmStubsPH4Z2_r_V_address0      | out |    6|  ap_memory |   vmStubsPH4Z2_r_V   |     array    |
|vmStubsPH4Z2_r_V_ce0           | out |    1|  ap_memory |   vmStubsPH4Z2_r_V   |     array    |
|vmStubsPH4Z2_r_V_we0           | out |    1|  ap_memory |   vmStubsPH4Z2_r_V   |     array    |
|vmStubsPH4Z2_r_V_d0            | out |    2|  ap_memory |   vmStubsPH4Z2_r_V   |     array    |
|vmStubsPH4Z2_pt_V_address0     | out |    6|  ap_memory |   vmStubsPH4Z2_pt_V  |     array    |
|vmStubsPH4Z2_pt_V_ce0          | out |    1|  ap_memory |   vmStubsPH4Z2_pt_V  |     array    |
|vmStubsPH4Z2_pt_V_we0          | out |    1|  ap_memory |   vmStubsPH4Z2_pt_V  |     array    |
|vmStubsPH4Z2_pt_V_d0           | out |    3|  ap_memory |   vmStubsPH4Z2_pt_V  |     array    |
|vmStubsPH4Z2_index_V_address0  | out |    6|  ap_memory | vmStubsPH4Z2_index_V |     array    |
|vmStubsPH4Z2_index_V_ce0       | out |    1|  ap_memory | vmStubsPH4Z2_index_V |     array    |
|vmStubsPH4Z2_index_V_we0       | out |    1|  ap_memory | vmStubsPH4Z2_index_V |     array    |
|vmStubsPH4Z2_index_V_d0        | out |    6|  ap_memory | vmStubsPH4Z2_index_V |     array    |
|nStubs                         |  in |   32|   ap_none  |        nStubs        |    scalar    |
|nPH1Z1_V_i                     |  in |    6|   ap_ovld  |       nPH1Z1_V       |    pointer   |
|nPH1Z1_V_o                     | out |    6|   ap_ovld  |       nPH1Z1_V       |    pointer   |
|nPH1Z1_V_o_ap_vld              | out |    1|   ap_ovld  |       nPH1Z1_V       |    pointer   |
|nPH2Z1_V_i                     |  in |    6|   ap_ovld  |       nPH2Z1_V       |    pointer   |
|nPH2Z1_V_o                     | out |    6|   ap_ovld  |       nPH2Z1_V       |    pointer   |
|nPH2Z1_V_o_ap_vld              | out |    1|   ap_ovld  |       nPH2Z1_V       |    pointer   |
|nPH3Z1_V_i                     |  in |    6|   ap_ovld  |       nPH3Z1_V       |    pointer   |
|nPH3Z1_V_o                     | out |    6|   ap_ovld  |       nPH3Z1_V       |    pointer   |
|nPH3Z1_V_o_ap_vld              | out |    1|   ap_ovld  |       nPH3Z1_V       |    pointer   |
|nPH4Z1_V_i                     |  in |    6|   ap_ovld  |       nPH4Z1_V       |    pointer   |
|nPH4Z1_V_o                     | out |    6|   ap_ovld  |       nPH4Z1_V       |    pointer   |
|nPH4Z1_V_o_ap_vld              | out |    1|   ap_ovld  |       nPH4Z1_V       |    pointer   |
|nPH1Z2_V_i                     |  in |    6|   ap_ovld  |       nPH1Z2_V       |    pointer   |
|nPH1Z2_V_o                     | out |    6|   ap_ovld  |       nPH1Z2_V       |    pointer   |
|nPH1Z2_V_o_ap_vld              | out |    1|   ap_ovld  |       nPH1Z2_V       |    pointer   |
|nPH2Z2_V_i                     |  in |    6|   ap_ovld  |       nPH2Z2_V       |    pointer   |
|nPH2Z2_V_o                     | out |    6|   ap_ovld  |       nPH2Z2_V       |    pointer   |
|nPH2Z2_V_o_ap_vld              | out |    1|   ap_ovld  |       nPH2Z2_V       |    pointer   |
|nPH3Z2_V_i                     |  in |    6|   ap_ovld  |       nPH3Z2_V       |    pointer   |
|nPH3Z2_V_o                     | out |    6|   ap_ovld  |       nPH3Z2_V       |    pointer   |
|nPH3Z2_V_o_ap_vld              | out |    1|   ap_ovld  |       nPH3Z2_V       |    pointer   |
|nPH4Z2_V_i                     |  in |    6|   ap_ovld  |       nPH4Z2_V       |    pointer   |
|nPH4Z2_V_o                     | out |    6|   ap_ovld  |       nPH4Z2_V       |    pointer   |
|nPH4Z2_V_o_ap_vld              | out |    1|   ap_ovld  |       nPH4Z2_V       |    pointer   |
+-------------------------------+-----+-----+------------+----------------------+--------------+

